#! /c/Source/iverilog-install/bin/vvp
:ivl_version "12.0 (devel)" "(s20150603-1539-g2693dd32b)";
:ivl_delay_selection "TYPICAL";
:vpi_time_precision - 12;
:vpi_module "C:\iverilog\lib\ivl\system.vpi";
:vpi_module "C:\iverilog\lib\ivl\vhdl_sys.vpi";
:vpi_module "C:\iverilog\lib\ivl\vhdl_textio.vpi";
:vpi_module "C:\iverilog\lib\ivl\v2005_math.vpi";
:vpi_module "C:\iverilog\lib\ivl\va_math.vpi";
:vpi_module "C:\iverilog\lib\ivl\v2009.vpi";
S_0000027f161ef900 .scope package, "$unit" "$unit" 2 1;
 .timescale 0 0;
S_0000027f16114680 .scope module, "dma_smoke_tb" "dma_smoke_tb" 3 49;
 .timescale -9 -12;
P_0000027f161782f0 .param/l "POLL_LIMIT" 1 3 93, +C4<00000000000000000000000100101100>;
P_0000027f16178328 .param/l "RGB_EXP" 1 3 88, C4<0000000011111000000000001111100000000000111110000000000011111000>;
P_0000027f16178360 .param/l "RGB_PHYS" 1 3 66, C4<00000000000000000000010000000000>;
P_0000027f16178398 .param/l "RGB_WORD" 1 3 72, C4<00000000000000000000000010000000>;
P_0000027f161783d0 .param/l "TB_H" 1 3 57, +C4<00000000000000000000000000000010>;
P_0000027f16178408 .param/l "TB_RGB_BEATS" 1 3 60, C4<00000100>;
P_0000027f16178440 .param/l "TB_UV_BEATS" 1 3 59, C4<00000001>;
P_0000027f16178478 .param/l "TB_W" 1 3 56, +C4<00000000000000000000000000010000>;
P_0000027f161784b0 .param/l "TB_Y_BEATS" 1 3 58, C4<00000010>;
P_0000027f161784e8 .param/l "TIMEOUT_CLKS" 1 3 92, +C4<00000000000000000000000111110100>;
P_0000027f16178520 .param/l "U_BEAT" 1 3 86, C4<0101101101011011010110110101101101011011010110110101101101011011>;
P_0000027f16178558 .param/l "U_PHYS" 1 3 64, C4<00000000000000000000001000000000>;
P_0000027f16178590 .param/l "U_WORD" 1 3 70, C4<00000000000000000000000001000000>;
P_0000027f161785c8 .param/l "V_BEAT" 1 3 87, C4<1111000011110000111100001111000011110000111100001111000011110000>;
P_0000027f16178600 .param/l "V_PHYS" 1 3 65, C4<00000000000000000000001100000000>;
P_0000027f16178638 .param/l "V_WORD" 1 3 71, C4<00000000000000000000000001100000>;
P_0000027f16178670 .param/l "Y_BEAT" 1 3 85, C4<0101001001010010010100100101001001010010010100100101001001010010>;
P_0000027f161786a8 .param/l "Y_PHYS" 1 3 63, C4<00000000000000000000000100000000>;
P_0000027f161786e0 .param/l "Y_WORD" 1 3 69, C4<00000000000000000000000000100000>;
v0000027f16261310_0 .var "araddr", 20 0;
v0000027f162622b0_0 .var "arburst", 1 0;
v0000027f162605f0_0 .var "arcache", 3 0;
v0000027f16260910_0 .var "arid", 11 0;
v0000027f162613b0_0 .var "arlen", 3 0;
v0000027f16260410_0 .var "arlock", 1 0;
v0000027f162604b0_0 .var "arprot", 2 0;
v0000027f16261450_0 .net "arready", 0 0, L_0000027f161bdab0;  1 drivers
v0000027f162614f0_0 .var "arsize", 2 0;
v0000027f16260550_0 .var "arvalid", 0 0;
v0000027f162609b0_0 .net "avl_address", 28 0, v0000027f1625c5d0_0;  1 drivers
v0000027f16261630_0 .net "avl_burstcount", 7 0, v0000027f1625c710_0;  1 drivers
v0000027f16260a50_0 .net "avl_byteenable", 7 0, v0000027f1625ca30_0;  1 drivers
v0000027f16261770_0 .net "avl_read", 0 0, v0000027f1625ce90_0;  1 drivers
v0000027f16260c30_0 .var "avl_readdata", 63 0;
v0000027f16260cd0_0 .var "avl_readdatavalid", 0 0;
v0000027f16262ce0_0 .var "avl_waitrequest", 0 0;
v0000027f16262f60_0 .net "avl_write", 0 0, v0000027f1625d750_0;  1 drivers
v0000027f16262ba0_0 .net "avl_writedata", 63 0, v0000027f1625d7f0_0;  1 drivers
v0000027f162626a0_0 .var "awaddr", 20 0;
v0000027f16263820_0 .var "awburst", 1 0;
v0000027f16262880_0 .var "awcache", 3 0;
v0000027f162638c0_0 .var "awid", 11 0;
v0000027f16264220_0 .var "awlen", 3 0;
v0000027f16262420_0 .var "awlock", 1 0;
v0000027f16263aa0_0 .var "awprot", 2 0;
v0000027f16263460_0 .net "awready", 0 0, L_0000027f161bdf80;  1 drivers
v0000027f16263dc0_0 .var "awsize", 2 0;
v0000027f162624c0_0 .var "awvalid", 0 0;
v0000027f16263000_0 .net "bid", 11 0, v0000027f16260f50_0;  1 drivers
v0000027f16262920_0 .var "bready", 0 0;
L_0000027f162678d0 .functor BUFT 1, C4<00>, C4<0>, C4<0>, C4<0>;
v0000027f16263960_0 .net "bresp", 1 0, L_0000027f162678d0;  1 drivers
v0000027f16263b40_0 .net "buf_sel", 0 0, v0000027f16261d10_0;  1 drivers
v0000027f16263d20_0 .net "bvalid", 0 0, v0000027f16260b90_0;  1 drivers
v0000027f16263be0_0 .var "clk", 0 0;
v0000027f16263a00_0 .net "dma_done", 0 0, v0000027f1625fb20_0;  1 drivers
v0000027f16263320_0 .net "dma_trigger", 0 0, v0000027f162616d0_0;  1 drivers
v0000027f16263140 .array "dummy_ram", 255 0, 63 0;
v0000027f16263c80_0 .var/i "fail_count", 31 0;
v0000027f162642c0_0 .var "got_beat", 63 0;
v0000027f16262a60_0 .var/i "i", 31 0;
v0000027f16262ec0_0 .var "pix0", 15 0;
v0000027f16263280_0 .var/i "poll_count", 31 0;
v0000027f16263e60_0 .net "rdata", 31 0, v0000027f16261c70_0;  1 drivers
v0000027f162630a0_0 .net "rid", 11 0, v0000027f16261950_0;  1 drivers
L_0000027f16267960 .functor BUFT 1, C4<1>, C4<0>, C4<0>, C4<0>;
v0000027f162633c0_0 .net "rlast", 0 0, L_0000027f16267960;  1 drivers
v0000027f16262b00_0 .var "rready", 0 0;
L_0000027f16267918 .functor BUFT 1, C4<00>, C4<0>, C4<0>, C4<0>;
v0000027f16263f00_0 .net "rresp", 1 0, L_0000027f16267918;  1 drivers
v0000027f162629c0_0 .var "rst_n", 0 0;
v0000027f16262560_0 .net "rvalid", 0 0, v0000027f16261a90_0;  1 drivers
v0000027f16262600_0 .var "sl_rd_active", 0 0;
v0000027f16262c40_0 .var "sl_rd_addr", 28 0;
v0000027f16262e20_0 .var "sl_rd_lat", 0 0;
v0000027f16263fa0_0 .var "sl_rd_rem", 7 0;
v0000027f16262740_0 .var "status_reg", 31 0;
v0000027f16263500_0 .var "wdata", 31 0;
v0000027f16264040_0 .var "wid", 11 0;
v0000027f162627e0_0 .var "wlast", 0 0;
v0000027f16263640_0 .var "wr_active", 0 0;
v0000027f16262d80_0 .var "wr_cur_addr", 28 0;
v0000027f162640e0_0 .var "wr_rem", 7 0;
v0000027f162631e0_0 .net "wready", 0 0, L_0000027f161bcb60;  1 drivers
v0000027f16264180_0 .var "wstrb", 3 0;
v0000027f162635a0_0 .var "wvalid", 0 0;
v0000027f162636e0_0 .net "yuv_rgb_base_w", 31 0, v0000027f162607d0_0;  1 drivers
v0000027f16263780_0 .net "yuv_u_base_w", 31 0, v0000027f16262210_0;  1 drivers
v0000027f16267100_0 .net "yuv_v_base_w", 31 0, v0000027f16261ef0_0;  1 drivers
v0000027f16266a20_0 .net "yuv_y_base_w", 31 0, v0000027f16262170_0;  1 drivers
L_0000027f16266520 .reduce/nor v0000027f162629c0_0;
S_0000027f161fbf90 .scope task, "axi_read" "axi_read" 3 340, 3 340 0, S_0000027f16114680;
 .timescale -9 -12;
v0000027f161c1ef0_0 .var "addr", 20 0;
v0000027f161c1db0_0 .var "data", 31 0;
E_0000027f161eaf80 .event posedge, v0000027f1625d890_0;
TD_dma_smoke_tb.axi_read ;
    %wait E_0000027f161eaf80;
    %delay 1000, 0;
    %load/vec4 v0000027f161c1ef0_0;
    %store/vec4 v0000027f16261310_0, 0, 21;
    %pushi/vec4 1, 0, 1;
    %store/vec4 v0000027f16260550_0, 0, 1;
T_0.0 ;
    %load/vec4 v0000027f16261450_0;
    %nor/r;
    %flag_set/vec4 8;
    %jmp/0xz T_0.1, 8;
    %wait E_0000027f161eaf80;
    %jmp T_0.0;
T_0.1 ;
    %wait E_0000027f161eaf80;
    %delay 1000, 0;
    %pushi/vec4 0, 0, 1;
    %store/vec4 v0000027f16260550_0, 0, 1;
T_0.2 ;
    %load/vec4 v0000027f16262560_0;
    %nor/r;
    %flag_set/vec4 8;
    %jmp/0xz T_0.3, 8;
    %wait E_0000027f161eaf80;
    %jmp T_0.2;
T_0.3 ;
    %load/vec4 v0000027f16263e60_0;
    %store/vec4 v0000027f161c1db0_0, 0, 32;
    %wait E_0000027f161eaf80;
    %delay 1000, 0;
    %end;
S_0000027f1612bb60 .scope task, "axi_write" "axi_write" 3 311, 3 311 0, S_0000027f16114680;
 .timescale -9 -12;
v0000027f161c1a90_0 .var "addr", 20 0;
v0000027f161c2f30_0 .var "data", 31 0;
TD_dma_smoke_tb.axi_write ;
    %wait E_0000027f161eaf80;
    %delay 1000, 0;
    %load/vec4 v0000027f161c1a90_0;
    %store/vec4 v0000027f162626a0_0, 0, 21;
    %load/vec4 v0000027f161c2f30_0;
    %store/vec4 v0000027f16263500_0, 0, 32;
    %pushi/vec4 1, 0, 1;
    %store/vec4 v0000027f162624c0_0, 0, 1;
    %pushi/vec4 1, 0, 1;
    %store/vec4 v0000027f162635a0_0, 0, 1;
    %wait E_0000027f161eaf80;
T_1.4 ;
    %load/vec4 v0000027f16263460_0;
    %nor/r;
    %flag_set/vec4 8;
    %jmp/1 T_1.6, 8;
    %load/vec4 v0000027f162631e0_0;
    %nor/r;
    %flag_set/vec4 9;
    %flag_or 8, 9;
T_1.6;
    %jmp/0xz T_1.5, 8;
    %wait E_0000027f161eaf80;
    %jmp T_1.4;
T_1.5 ;
    %delay 1000, 0;
    %pushi/vec4 0, 0, 1;
    %store/vec4 v0000027f162624c0_0, 0, 1;
    %pushi/vec4 0, 0, 1;
    %store/vec4 v0000027f162635a0_0, 0, 1;
T_1.7 ;
    %load/vec4 v0000027f16263d20_0;
    %nor/r;
    %flag_set/vec4 8;
    %jmp/0xz T_1.8, 8;
    %wait E_0000027f161eaf80;
    %jmp T_1.7;
T_1.8 ;
    %wait E_0000027f161eaf80;
    %delay 1000, 0;
    %end;
S_0000027f161e6490 .scope module, "dma" "yuv_fb_dma" 3 176, 4 39 0, S_0000027f16114680;
 .timescale -9 -12;
    .port_info 0 /INPUT 1 "clk";
    .port_info 1 /INPUT 1 "reset";
    .port_info 2 /INPUT 1 "trigger";
    .port_info 3 /OUTPUT 1 "done";
    .port_info 4 /INPUT 32 "yuv_y_base";
    .port_info 5 /INPUT 32 "yuv_u_base";
    .port_info 6 /INPUT 32 "yuv_v_base";
    .port_info 7 /INPUT 32 "rgb_base";
    .port_info 8 /OUTPUT 29 "avl_address";
    .port_info 9 /OUTPUT 8 "avl_burstcount";
    .port_info 10 /INPUT 1 "avl_waitrequest";
    .port_info 11 /INPUT 64 "avl_readdata";
    .port_info 12 /INPUT 1 "avl_readdatavalid";
    .port_info 13 /OUTPUT 1 "avl_read";
    .port_info 14 /OUTPUT 64 "avl_writedata";
    .port_info 15 /OUTPUT 8 "avl_byteenable";
    .port_info 16 /OUTPUT 1 "avl_write";
P_0000027f1614c760 .param/l "H" 0 4 69, +C4<00000000000000000000000000000010>;
P_0000027f1614c798 .param/l "PIPE_LAT" 1 4 79, +C4<00000000000000000000000000000101>;
P_0000027f1614c7d0 .param/l "RGB_BEATS" 0 4 75, C4<00000100>;
P_0000027f1614c808 .param/l "S_DONE_ST" 1 4 104, C4<1010>;
P_0000027f1614c840 .param/l "S_FETCH_U" 1 4 95, C4<0001>;
P_0000027f1614c878 .param/l "S_FETCH_V" 1 4 97, C4<0011>;
P_0000027f1614c8b0 .param/l "S_FETCH_Y" 1 4 99, C4<0101>;
P_0000027f1614c8e8 .param/l "S_IDLE" 1 4 94, C4<0000>;
P_0000027f1614c920 .param/l "S_NEXT_ROW" 1 4 103, C4<1001>;
P_0000027f1614c958 .param/l "S_PROCESS" 1 4 101, C4<0111>;
P_0000027f1614c990 .param/l "S_RECV_U" 1 4 96, C4<0010>;
P_0000027f1614c9c8 .param/l "S_RECV_V" 1 4 98, C4<0100>;
P_0000027f1614ca00 .param/l "S_RECV_Y" 1 4 100, C4<0110>;
P_0000027f1614ca38 .param/l "S_WRITE" 1 4 102, C4<1000>;
P_0000027f1614ca70 .param/l "UV_BEATS" 0 4 74, C4<00000001>;
P_0000027f1614caa8 .param/l "W" 0 4 68, +C4<00000000000000000000000000010000>;
P_0000027f1614cae0 .param/l "Y_BEATS" 0 4 73, C4<00000010>;
L_0000027f16267408 .functor BUFT 1, C4<0000000000000000000000>, C4<0>, C4<0>, C4<0>;
v0000027f1625cfd0_0 .net/2u *"_ivl_0", 21 0, L_0000027f16267408;  1 drivers
L_0000027f16267498 .functor BUFT 1, C4<00000000000000000000000>, C4<0>, C4<0>, C4<0>;
v0000027f1625cb70_0 .net/2u *"_ivl_10", 22 0, L_0000027f16267498;  1 drivers
v0000027f1625ded0_0 .net *"_ivl_13", 8 0, L_0000027f162667a0;  1 drivers
v0000027f1625df70_0 .net *"_ivl_14", 31 0, L_0000027f162663e0;  1 drivers
L_0000027f162674e0 .functor BUFT 1, C4<00000000000000000000000000001000>, C4<0>, C4<0>, C4<0>;
v0000027f1625c8f0_0 .net/2u *"_ivl_16", 31 0, L_0000027f162674e0;  1 drivers
v0000027f1625dcf0_0 .net *"_ivl_19", 31 0, L_0000027f162668e0;  1 drivers
v0000027f1625cc10_0 .net *"_ivl_2", 31 0, L_0000027f16266340;  1 drivers
L_0000027f16267528 .functor BUFT 1, C4<00000000000000000000000>, C4<0>, C4<0>, C4<0>;
v0000027f1625d6b0_0 .net/2u *"_ivl_22", 22 0, L_0000027f16267528;  1 drivers
v0000027f1625c490_0 .net *"_ivl_25", 8 0, L_0000027f16265da0;  1 drivers
v0000027f1625de30_0 .net *"_ivl_26", 31 0, L_0000027f16267240;  1 drivers
L_0000027f16267570 .functor BUFT 1, C4<00000000000000000000000000001000>, C4<0>, C4<0>, C4<0>;
v0000027f1625c530_0 .net/2u *"_ivl_28", 31 0, L_0000027f16267570;  1 drivers
v0000027f1625c990_0 .net *"_ivl_31", 31 0, L_0000027f16265e40;  1 drivers
L_0000027f162675b8 .functor BUFT 1, C4<0000000000000000000000>, C4<0>, C4<0>, C4<0>;
v0000027f1625e1f0_0 .net/2u *"_ivl_34", 21 0, L_0000027f162675b8;  1 drivers
v0000027f1625d250_0 .net *"_ivl_36", 31 0, L_0000027f16265760;  1 drivers
L_0000027f16267600 .functor BUFT 1, C4<00000000000000000000000000100000>, C4<0>, C4<0>, C4<0>;
v0000027f1625dd90_0 .net/2u *"_ivl_38", 31 0, L_0000027f16267600;  1 drivers
L_0000027f16267450 .functor BUFT 1, C4<00000000000000000000000000010000>, C4<0>, C4<0>, C4<0>;
v0000027f1625e010_0 .net/2u *"_ivl_4", 31 0, L_0000027f16267450;  1 drivers
v0000027f1625e290_0 .net *"_ivl_41", 31 0, L_0000027f162672e0;  1 drivers
v0000027f1625cd50_0 .net *"_ivl_7", 31 0, L_0000027f16266660;  1 drivers
v0000027f1625c5d0_0 .var "avl_address", 28 0;
v0000027f1625c710_0 .var "avl_burstcount", 7 0;
v0000027f1625ca30_0 .var "avl_byteenable", 7 0;
v0000027f1625ce90_0 .var "avl_read", 0 0;
v0000027f1625d390_0 .net "avl_readdata", 63 0, v0000027f16260c30_0;  1 drivers
v0000027f1625d570_0 .net "avl_readdatavalid", 0 0, v0000027f16260cd0_0;  1 drivers
v0000027f1625d610_0 .net "avl_waitrequest", 0 0, v0000027f16262ce0_0;  1 drivers
v0000027f1625d750_0 .var "avl_write", 0 0;
v0000027f1625d7f0_0 .var "avl_writedata", 63 0;
v0000027f1625f9e0_0 .var "beat_cnt", 7 0;
v0000027f1625ecc0_0 .net "clk", 0 0, v0000027f16263be0_0;  1 drivers
v0000027f1625fb20_0 .var "done", 0 0;
v0000027f1625fc60_0 .var "pipe_U", 7 0;
v0000027f1625f8a0_0 .var "pipe_V", 7 0;
v0000027f1625ea40_0 .var "pipe_Y", 7 0;
v0000027f1625fa80_0 .net "pipe_rgb", 15 0, v0000027f1625e150_0;  1 drivers
v0000027f1625f580_0 .var "pipe_vin", 0 0;
v0000027f162600c0_0 .net "pipe_vout", 0 0, v0000027f1625d110_0;  1 drivers
v0000027f1625fbc0_0 .var "proc_x", 9 0;
v0000027f1625f4e0_0 .net "reset", 0 0, L_0000027f16266520;  1 drivers
v0000027f1625fd00_0 .net "rgb_base", 31 0, v0000027f162607d0_0;  alias, 1 drivers
v0000027f1625e860 .array "rgb_buf", 31 0, 7 0;
v0000027f16260200_0 .net "rgb_row_byte", 31 0, L_0000027f16265f80;  1 drivers
v0000027f1625e7c0_0 .var "rgb_wr_px", 9 0;
v0000027f1625e9a0_0 .var "row", 9 0;
v0000027f1625f940_0 .var "state", 3 0;
v0000027f16260020_0 .net "trigger", 0 0, v0000027f162616d0_0;  alias, 1 drivers
v0000027f1625fe40 .array "u_buf", 7 0, 7 0;
v0000027f1625ec20_0 .net "u_row_byte", 31 0, L_0000027f16265bc0;  1 drivers
v0000027f16260160 .array "v_buf", 7 0, 7 0;
v0000027f1625f440_0 .net "v_row_byte", 31 0, L_0000027f16265800;  1 drivers
v0000027f1625fda0_0 .var "wr_beat", 7 0;
v0000027f1625eae0 .array "y_buf", 15 0, 7 0;
v0000027f1625eb80_0 .net "y_row_byte", 31 0, L_0000027f16265d00;  1 drivers
v0000027f1625e5e0_0 .net "yuv_u_base", 31 0, v0000027f16262210_0;  alias, 1 drivers
v0000027f162602a0_0 .net "yuv_v_base", 31 0, v0000027f16261ef0_0;  alias, 1 drivers
v0000027f1625e680_0 .net "yuv_y_base", 31 0, v0000027f16262170_0;  alias, 1 drivers
L_0000027f16266340 .concat [ 10 22 0 0], v0000027f1625e9a0_0, L_0000027f16267408;
L_0000027f16266660 .arith/mult 32, L_0000027f16266340, L_0000027f16267450;
L_0000027f16265d00 .arith/sum 32, v0000027f16262170_0, L_0000027f16266660;
L_0000027f162667a0 .part v0000027f1625e9a0_0, 1, 9;
L_0000027f162663e0 .concat [ 9 23 0 0], L_0000027f162667a0, L_0000027f16267498;
L_0000027f162668e0 .arith/mult 32, L_0000027f162663e0, L_0000027f162674e0;
L_0000027f16265bc0 .arith/sum 32, v0000027f16262210_0, L_0000027f162668e0;
L_0000027f16265da0 .part v0000027f1625e9a0_0, 1, 9;
L_0000027f16267240 .concat [ 9 23 0 0], L_0000027f16265da0, L_0000027f16267528;
L_0000027f16265e40 .arith/mult 32, L_0000027f16267240, L_0000027f16267570;
L_0000027f16265800 .arith/sum 32, v0000027f16261ef0_0, L_0000027f16265e40;
L_0000027f16265760 .concat [ 10 22 0 0], v0000027f1625e9a0_0, L_0000027f162675b8;
L_0000027f162672e0 .arith/mult 32, L_0000027f16265760, L_0000027f16267600;
L_0000027f16265f80 .arith/sum 32, v0000027f162607d0_0, L_0000027f162672e0;
S_0000027f161fca70 .scope function.vec4.s64, "pack_beat" "pack_beat" 4 167, 4 167 0, S_0000027f161e6490;
 .timescale -9 -12;
v0000027f161c2990_0 .var "b", 7 0;
v0000027f161c2670_0 .var "base", 10 0;
; Variable pack_beat is vec4 return value of scope S_0000027f161fca70
TD_dma_smoke_tb.dma.pack_beat ;
    %load/vec4 v0000027f161c2990_0;
    %concati/vec4 0, 0, 3;
    %store/vec4 v0000027f161c2670_0, 0, 11;
    %load/vec4 v0000027f161c2670_0;
    %pad/u 32;
    %addi 7, 0, 32;
    %ix/vec4 4;
    %load/vec4a v0000027f1625e860, 4;
    %load/vec4 v0000027f161c2670_0;
    %pad/u 32;
    %addi 6, 0, 32;
    %ix/vec4 4;
    %load/vec4a v0000027f1625e860, 4;
    %concat/vec4; draw_concat_vec4
    %load/vec4 v0000027f161c2670_0;
    %pad/u 32;
    %addi 5, 0, 32;
    %ix/vec4 4;
    %load/vec4a v0000027f1625e860, 4;
    %concat/vec4; draw_concat_vec4
    %load/vec4 v0000027f161c2670_0;
    %pad/u 32;
    %addi 4, 0, 32;
    %ix/vec4 4;
    %load/vec4a v0000027f1625e860, 4;
    %concat/vec4; draw_concat_vec4
    %load/vec4 v0000027f161c2670_0;
    %pad/u 32;
    %addi 3, 0, 32;
    %ix/vec4 4;
    %load/vec4a v0000027f1625e860, 4;
    %concat/vec4; draw_concat_vec4
    %load/vec4 v0000027f161c2670_0;
    %pad/u 32;
    %addi 2, 0, 32;
    %ix/vec4 4;
    %load/vec4a v0000027f1625e860, 4;
    %concat/vec4; draw_concat_vec4
    %load/vec4 v0000027f161c2670_0;
    %pad/u 32;
    %addi 1, 0, 32;
    %ix/vec4 4;
    %load/vec4a v0000027f1625e860, 4;
    %concat/vec4; draw_concat_vec4
    %load/vec4 v0000027f161c2670_0;
    %pad/u 32;
    %addi 0, 0, 32;
    %ix/vec4 4;
    %load/vec4a v0000027f1625e860, 4;
    %concat/vec4; draw_concat_vec4
    %ret/vec4 0, 0, 64;  Assign to pack_beat (store_vec4_to_lval)
    %end;
S_0000027f161ced10 .scope module, "yuv_conv" "yuv_to_rgb" 4 137, 5 20 0, S_0000027f161e6490;
 .timescale -9 -12;
    .port_info 0 /INPUT 1 "clk";
    .port_info 1 /INPUT 1 "reset";
    .port_info 2 /INPUT 8 "Y";
    .port_info 3 /INPUT 8 "U";
    .port_info 4 /INPUT 8 "V";
    .port_info 5 /INPUT 1 "data_valid_in";
    .port_info 6 /OUTPUT 16 "rgb565";
    .port_info 7 /OUTPUT 1 "data_valid_out";
v0000027f161c32f0_0 .net "B8", 7 0, L_0000027f162659e0;  1 drivers
v0000027f161c2350_0 .net/s "B_s12", 11 0, L_0000027f16266020;  1 drivers
v0000027f161c2030_0 .net "G8", 7 0, L_0000027f162660c0;  1 drivers
v0000027f161c1810_0 .net/s "G_s12", 11 0, L_0000027f16266f20;  1 drivers
v0000027f161c2210_0 .net "R8", 7 0, L_0000027f16266480;  1 drivers
v0000027f161c3110_0 .net/s "R_s12", 11 0, L_0000027f162656c0;  1 drivers
v0000027f161c25d0_0 .net "U", 7 0, v0000027f1625fc60_0;  1 drivers
v0000027f161c2ad0_0 .net "V", 7 0, v0000027f1625f8a0_0;  1 drivers
v0000027f161c2b70_0 .net "Y", 7 0, v0000027f1625ea40_0;  1 drivers
L_0000027f16267690 .functor BUFT 1, C4<000011111111>, C4<0>, C4<0>, C4<0>;
v0000027f161c20d0_0 .net/2s *"_ivl_10", 11 0, L_0000027f16267690;  1 drivers
v0000027f161c19f0_0 .net *"_ivl_12", 0 0, L_0000027f16266ac0;  1 drivers
L_0000027f162676d8 .functor BUFT 1, C4<11111111>, C4<0>, C4<0>, C4<0>;
v0000027f161c31b0_0 .net/2u *"_ivl_14", 7 0, L_0000027f162676d8;  1 drivers
v0000027f161c2df0_0 .net *"_ivl_17", 7 0, L_0000027f16266d40;  1 drivers
v0000027f161c3570_0 .net *"_ivl_18", 7 0, L_0000027f162662a0;  1 drivers
v0000027f161c3610_0 .net *"_ivl_23", 0 0, L_0000027f16266840;  1 drivers
L_0000027f16267720 .functor BUFT 1, C4<00000000>, C4<0>, C4<0>, C4<0>;
v0000027f161c2fd0_0 .net/2u *"_ivl_24", 7 0, L_0000027f16267720;  1 drivers
L_0000027f16267768 .functor BUFT 1, C4<000011111111>, C4<0>, C4<0>, C4<0>;
v0000027f161c34d0_0 .net/2s *"_ivl_26", 11 0, L_0000027f16267768;  1 drivers
v0000027f161c3250_0 .net *"_ivl_28", 0 0, L_0000027f16266980;  1 drivers
L_0000027f162677b0 .functor BUFT 1, C4<11111111>, C4<0>, C4<0>, C4<0>;
v0000027f161c2530_0 .net/2u *"_ivl_30", 7 0, L_0000027f162677b0;  1 drivers
v0000027f161c1bd0_0 .net *"_ivl_33", 7 0, L_0000027f16266b60;  1 drivers
v0000027f161c23f0_0 .net *"_ivl_34", 7 0, L_0000027f16265ee0;  1 drivers
v0000027f161c2170_0 .net *"_ivl_39", 0 0, L_0000027f16265940;  1 drivers
L_0000027f162677f8 .functor BUFT 1, C4<00000000>, C4<0>, C4<0>, C4<0>;
v0000027f161c2e90_0 .net/2u *"_ivl_40", 7 0, L_0000027f162677f8;  1 drivers
L_0000027f16267840 .functor BUFT 1, C4<000011111111>, C4<0>, C4<0>, C4<0>;
v0000027f161c2710_0 .net/2s *"_ivl_42", 11 0, L_0000027f16267840;  1 drivers
v0000027f161c2c10_0 .net *"_ivl_44", 0 0, L_0000027f162658a0;  1 drivers
L_0000027f16267888 .functor BUFT 1, C4<11111111>, C4<0>, C4<0>, C4<0>;
v0000027f161c27b0_0 .net/2u *"_ivl_46", 7 0, L_0000027f16267888;  1 drivers
v0000027f161c2490_0 .net *"_ivl_49", 7 0, L_0000027f16266160;  1 drivers
v0000027f161c3070_0 .net *"_ivl_50", 7 0, L_0000027f16266c00;  1 drivers
v0000027f161c3390_0 .net *"_ivl_7", 0 0, L_0000027f16265c60;  1 drivers
L_0000027f16267648 .functor BUFT 1, C4<00000000>, C4<0>, C4<0>, C4<0>;
v0000027f161c3430_0 .net/2u *"_ivl_8", 7 0, L_0000027f16267648;  1 drivers
v0000027f1625d890_0 .net "clk", 0 0, v0000027f16263be0_0;  alias, 1 drivers
v0000027f1625c7b0_0 .net "data_valid_in", 0 0, v0000027f1625f580_0;  1 drivers
v0000027f1625d110_0 .var "data_valid_out", 0 0;
v0000027f1625dbb0_0 .net "reset", 0 0, L_0000027f16266520;  alias, 1 drivers
v0000027f1625e150_0 .var "rgb565", 15 0;
v0000027f1625d430_0 .var "s0_U", 7 0;
v0000027f1625e0b0_0 .var "s0_V", 7 0;
v0000027f1625c850_0 .var "s0_Y", 7 0;
v0000027f1625d2f0_0 .var "s0_valid", 0 0;
v0000027f1625cf30_0 .var/s "s1_c", 8 0;
v0000027f1625c3f0_0 .var/s "s1_d", 8 0;
v0000027f1625c670_0 .var/s "s1_e", 8 0;
v0000027f1625cad0_0 .var "s1_valid", 0 0;
v0000027f1625d930_0 .var/s "s2_p1", 19 0;
v0000027f1625d4d0_0 .var/s "s2_p2", 19 0;
v0000027f1625d9d0_0 .var/s "s2_p3", 19 0;
v0000027f1625da70_0 .var/s "s2_p4", 19 0;
v0000027f1625ccb0_0 .var "s2_valid", 0 0;
v0000027f1625d1b0_0 .var/s "s2_yy", 19 0;
v0000027f1625cdf0_0 .var/s "s3_B_acc", 19 0;
v0000027f1625db10_0 .var/s "s3_G_acc", 19 0;
v0000027f1625d070_0 .var/s "s3_R_acc", 19 0;
v0000027f1625dc50_0 .var "s3_valid", 0 0;
L_0000027f162656c0 .part v0000027f1625d070_0, 8, 12;
L_0000027f16266f20 .part v0000027f1625db10_0, 8, 12;
L_0000027f16266020 .part v0000027f1625cdf0_0, 8, 12;
L_0000027f16265c60 .part L_0000027f162656c0, 11, 1;
L_0000027f16266ac0 .cmp/gt.s 12, L_0000027f162656c0, L_0000027f16267690;
L_0000027f16266d40 .part L_0000027f162656c0, 0, 8;
L_0000027f162662a0 .functor MUXZ 8, L_0000027f16266d40, L_0000027f162676d8, L_0000027f16266ac0, C4<>;
L_0000027f16266480 .functor MUXZ 8, L_0000027f162662a0, L_0000027f16267648, L_0000027f16265c60, C4<>;
L_0000027f16266840 .part L_0000027f16266f20, 11, 1;
L_0000027f16266980 .cmp/gt.s 12, L_0000027f16266f20, L_0000027f16267768;
L_0000027f16266b60 .part L_0000027f16266f20, 0, 8;
L_0000027f16265ee0 .functor MUXZ 8, L_0000027f16266b60, L_0000027f162677b0, L_0000027f16266980, C4<>;
L_0000027f162660c0 .functor MUXZ 8, L_0000027f16265ee0, L_0000027f16267720, L_0000027f16266840, C4<>;
L_0000027f16265940 .part L_0000027f16266020, 11, 1;
L_0000027f162658a0 .cmp/gt.s 12, L_0000027f16266020, L_0000027f16267840;
L_0000027f16266160 .part L_0000027f16266020, 0, 8;
L_0000027f16266c00 .functor MUXZ 8, L_0000027f16266160, L_0000027f16267888, L_0000027f162658a0, C4<>;
L_0000027f162659e0 .functor MUXZ 8, L_0000027f16266c00, L_0000027f162677f8, L_0000027f16265940, C4<>;
S_0000027f1618e420 .scope begin, "poll_loop" "poll_loop" 3 445, 3 445 0, S_0000027f16114680;
 .timescale -9 -12;
S_0000027f1618e5b0 .scope module, "regs" "mp4_ctrl_regs" 3 199, 6 38 0, S_0000027f16114680;
 .timescale -9 -12;
    .port_info 0 /INPUT 1 "clk";
    .port_info 1 /INPUT 1 "rst_n";
    .port_info 2 /INPUT 21 "awaddr";
    .port_info 3 /INPUT 12 "awid";
    .port_info 4 /INPUT 4 "awlen";
    .port_info 5 /INPUT 3 "awsize";
    .port_info 6 /INPUT 2 "awburst";
    .port_info 7 /INPUT 2 "awlock";
    .port_info 8 /INPUT 4 "awcache";
    .port_info 9 /INPUT 3 "awprot";
    .port_info 10 /INPUT 1 "awvalid";
    .port_info 11 /OUTPUT 1 "awready";
    .port_info 12 /INPUT 32 "wdata";
    .port_info 13 /INPUT 12 "wid";
    .port_info 14 /INPUT 4 "wstrb";
    .port_info 15 /INPUT 1 "wlast";
    .port_info 16 /INPUT 1 "wvalid";
    .port_info 17 /OUTPUT 1 "wready";
    .port_info 18 /OUTPUT 12 "bid";
    .port_info 19 /OUTPUT 2 "bresp";
    .port_info 20 /OUTPUT 1 "bvalid";
    .port_info 21 /INPUT 1 "bready";
    .port_info 22 /INPUT 21 "araddr";
    .port_info 23 /INPUT 12 "arid";
    .port_info 24 /INPUT 4 "arlen";
    .port_info 25 /INPUT 3 "arsize";
    .port_info 26 /INPUT 2 "arburst";
    .port_info 27 /INPUT 2 "arlock";
    .port_info 28 /INPUT 4 "arcache";
    .port_info 29 /INPUT 3 "arprot";
    .port_info 30 /INPUT 1 "arvalid";
    .port_info 31 /OUTPUT 1 "arready";
    .port_info 32 /OUTPUT 32 "rdata";
    .port_info 33 /OUTPUT 12 "rid";
    .port_info 34 /OUTPUT 2 "rresp";
    .port_info 35 /OUTPUT 1 "rlast";
    .port_info 36 /OUTPUT 1 "rvalid";
    .port_info 37 /INPUT 1 "rready";
    .port_info 38 /INPUT 1 "fb_vbl";
    .port_info 39 /INPUT 1 "dma_done";
    .port_info 40 /OUTPUT 1 "buf_sel";
    .port_info 41 /OUTPUT 1 "dma_trigger";
    .port_info 42 /OUTPUT 32 "yuv_y_base";
    .port_info 43 /OUTPUT 32 "yuv_u_base";
    .port_info 44 /OUTPUT 32 "yuv_v_base";
    .port_info 45 /OUTPUT 32 "yuv_rgb_base";
L_0000027f161bdab0 .functor NOT 1, v0000027f16261a90_0, C4<0>, C4<0>, C4<0>;
L_0000027f161bdf80 .functor AND 1, L_0000027f162671a0, L_0000027f16265440, C4<1>, C4<1>;
L_0000027f161bcb60 .functor AND 1, L_0000027f16266e80, L_0000027f162654e0, C4<1>, C4<1>;
v0000027f1625efe0_0 .net *"_ivl_11", 0 0, L_0000027f16265440;  1 drivers
v0000027f1625f6c0_0 .net *"_ivl_15", 0 0, L_0000027f16266e80;  1 drivers
v0000027f1625fee0_0 .net *"_ivl_17", 0 0, L_0000027f162654e0;  1 drivers
v0000027f1625ff80_0 .net *"_ivl_9", 0 0, L_0000027f162671a0;  1 drivers
v0000027f1625e540_0 .net "araddr", 20 0, v0000027f16261310_0;  1 drivers
v0000027f1625e400_0 .net "arburst", 1 0, v0000027f162622b0_0;  1 drivers
v0000027f1625e4a0_0 .net "arcache", 3 0, v0000027f162605f0_0;  1 drivers
v0000027f1625f760_0 .net "arid", 11 0, v0000027f16260910_0;  1 drivers
v0000027f1625e720_0 .net "arlen", 3 0, v0000027f162613b0_0;  1 drivers
v0000027f1625e900_0 .net "arlock", 1 0, v0000027f16260410_0;  1 drivers
v0000027f1625ed60_0 .net "arprot", 2 0, v0000027f162604b0_0;  1 drivers
v0000027f1625ee00_0 .net "arready", 0 0, L_0000027f161bdab0;  alias, 1 drivers
v0000027f1625eea0_0 .net "arsize", 2 0, v0000027f162614f0_0;  1 drivers
v0000027f1625ef40_0 .net "arvalid", 0 0, v0000027f16260550_0;  1 drivers
v0000027f1625f080_0 .var "aw_lat", 20 0;
v0000027f1625f120_0 .var "aw_pend", 0 0;
v0000027f1625f620_0 .net "awaddr", 20 0, v0000027f162626a0_0;  1 drivers
v0000027f1625f1c0_0 .net "awburst", 1 0, v0000027f16263820_0;  1 drivers
v0000027f1625f260_0 .net "awcache", 3 0, v0000027f16262880_0;  1 drivers
v0000027f1625f300_0 .net "awid", 11 0, v0000027f162638c0_0;  1 drivers
v0000027f1625f3a0_0 .var "awid_lat", 11 0;
v0000027f1625f800_0 .net "awlen", 3 0, v0000027f16264220_0;  1 drivers
v0000027f16261810_0 .net "awlock", 1 0, v0000027f16262420_0;  1 drivers
v0000027f16260870_0 .net "awprot", 2 0, v0000027f16263aa0_0;  1 drivers
v0000027f162618b0_0 .net "awready", 0 0, L_0000027f161bdf80;  alias, 1 drivers
v0000027f16261b30_0 .net "awsize", 2 0, v0000027f16263dc0_0;  1 drivers
v0000027f16260af0_0 .net "awvalid", 0 0, v0000027f162624c0_0;  1 drivers
v0000027f16260f50_0 .var "bid", 11 0;
v0000027f16261f90_0 .net "bready", 0 0, v0000027f16262920_0;  1 drivers
v0000027f16260e10_0 .net "bresp", 1 0, L_0000027f162678d0;  alias, 1 drivers
v0000027f16261d10_0 .var "buf_sel", 0 0;
v0000027f16260b90_0 .var "bvalid", 0 0;
v0000027f16261270_0 .net "clk", 0 0, v0000027f16263be0_0;  alias, 1 drivers
v0000027f16260690_0 .net "dma_done", 0 0, v0000027f1625fb20_0;  alias, 1 drivers
v0000027f16260730_0 .var "dma_done_latch", 0 0;
v0000027f162616d0_0 .var "dma_trigger", 0 0;
L_0000027f162679a8 .functor BUFT 1, C4<0>, C4<0>, C4<0>, C4<0>;
v0000027f16260eb0_0 .net "fb_vbl", 0 0, L_0000027f162679a8;  1 drivers
v0000027f16261c70_0 .var "rdata", 31 0;
v0000027f16261950_0 .var "rid", 11 0;
v0000027f162611d0_0 .net "rlast", 0 0, L_0000027f16267960;  alias, 1 drivers
v0000027f16260ff0_0 .net "rready", 0 0, v0000027f16262b00_0;  1 drivers
v0000027f162619f0_0 .net "rresp", 1 0, L_0000027f16267918;  alias, 1 drivers
v0000027f162620d0_0 .net "rst_n", 0 0, v0000027f162629c0_0;  1 drivers
v0000027f16261a90_0 .var "rvalid", 0 0;
v0000027f16262030_0 .var "w_pend", 0 0;
v0000027f16260d70_0 .var "wd_lat", 31 0;
v0000027f16261130_0 .net "wdata", 31 0, v0000027f16263500_0;  1 drivers
v0000027f16261bd0_0 .net "wid", 11 0, v0000027f16264040_0;  1 drivers
v0000027f16261090_0 .net "wlast", 0 0, v0000027f162627e0_0;  1 drivers
v0000027f16261590_0 .net "wready", 0 0, L_0000027f161bcb60;  alias, 1 drivers
v0000027f16261db0_0 .net "wstrb", 3 0, v0000027f16264180_0;  1 drivers
v0000027f16261e50_0 .net "wvalid", 0 0, v0000027f162635a0_0;  1 drivers
v0000027f162607d0_0 .var "yuv_rgb_base", 31 0;
v0000027f16262210_0 .var "yuv_u_base", 31 0;
v0000027f16261ef0_0 .var "yuv_v_base", 31 0;
v0000027f16262170_0 .var "yuv_y_base", 31 0;
L_0000027f162671a0 .reduce/nor v0000027f1625f120_0;
L_0000027f16265440 .reduce/nor v0000027f16260b90_0;
L_0000027f16266e80 .reduce/nor v0000027f16262030_0;
L_0000027f162654e0 .reduce/nor v0000027f16260b90_0;
    .scope S_0000027f161ced10;
T_3 ;
    %wait E_0000027f161eaf80;
    %load/vec4 v0000027f161c2b70_0;
    %assign/vec4 v0000027f1625c850_0, 0;
    %load/vec4 v0000027f161c25d0_0;
    %assign/vec4 v0000027f1625d430_0, 0;
    %load/vec4 v0000027f161c2ad0_0;
    %assign/vec4 v0000027f1625e0b0_0, 0;
    %load/vec4 v0000027f1625dbb0_0;
    %flag_set/vec4 8;
    %jmp/0 T_3.0, 8;
    %pushi/vec4 0, 0, 1;
    %jmp/1 T_3.1, 8;
T_3.0 ; End of true expr.
    %load/vec4 v0000027f1625c7b0_0;
    %jmp/0 T_3.1, 8;
 ; End of false expr.
    %blend;
T_3.1;
    %assign/vec4 v0000027f1625d2f0_0, 0;
    %jmp T_3;
    .thread T_3;
    .scope S_0000027f161ced10;
T_4 ;
    %wait E_0000027f161eaf80;
    %pushi/vec4 0, 0, 1;
    %load/vec4 v0000027f1625c850_0;
    %concat/vec4; draw_concat_vec4
    %subi 16, 0, 9;
    %assign/vec4 v0000027f1625cf30_0, 0;
    %pushi/vec4 0, 0, 1;
    %load/vec4 v0000027f1625d430_0;
    %concat/vec4; draw_concat_vec4
    %subi 128, 0, 9;
    %assign/vec4 v0000027f1625c3f0_0, 0;
    %pushi/vec4 0, 0, 1;
    %load/vec4 v0000027f1625e0b0_0;
    %concat/vec4; draw_concat_vec4
    %subi 128, 0, 9;
    %assign/vec4 v0000027f1625c670_0, 0;
    %load/vec4 v0000027f1625dbb0_0;
    %flag_set/vec4 8;
    %jmp/0 T_4.0, 8;
    %pushi/vec4 0, 0, 1;
    %jmp/1 T_4.1, 8;
T_4.0 ; End of true expr.
    %load/vec4 v0000027f1625d2f0_0;
    %jmp/0 T_4.1, 8;
 ; End of false expr.
    %blend;
T_4.1;
    %assign/vec4 v0000027f1625cad0_0, 0;
    %jmp T_4;
    .thread T_4;
    .scope S_0000027f161ced10;
T_5 ;
    %wait E_0000027f161eaf80;
    %load/vec4 v0000027f1625cf30_0;
    %pad/s 20;
    %muli 298, 0, 20;
    %assign/vec4 v0000027f1625d1b0_0, 0;
    %load/vec4 v0000027f1625c670_0;
    %pad/s 20;
    %muli 409, 0, 20;
    %assign/vec4 v0000027f1625d930_0, 0;
    %load/vec4 v0000027f1625c3f0_0;
    %pad/s 20;
    %muli 100, 0, 20;
    %assign/vec4 v0000027f1625d4d0_0, 0;
    %load/vec4 v0000027f1625c670_0;
    %pad/s 20;
    %muli 208, 0, 20;
    %assign/vec4 v0000027f1625d9d0_0, 0;
    %load/vec4 v0000027f1625c3f0_0;
    %pad/s 20;
    %muli 516, 0, 20;
    %assign/vec4 v0000027f1625da70_0, 0;
    %load/vec4 v0000027f1625dbb0_0;
    %flag_set/vec4 8;
    %jmp/0 T_5.0, 8;
    %pushi/vec4 0, 0, 1;
    %jmp/1 T_5.1, 8;
T_5.0 ; End of true expr.
    %load/vec4 v0000027f1625cad0_0;
    %jmp/0 T_5.1, 8;
 ; End of false expr.
    %blend;
T_5.1;
    %assign/vec4 v0000027f1625ccb0_0, 0;
    %jmp T_5;
    .thread T_5;
    .scope S_0000027f161ced10;
T_6 ;
    %wait E_0000027f161eaf80;
    %load/vec4 v0000027f1625d1b0_0;
    %load/vec4 v0000027f1625d930_0;
    %add;
    %addi 128, 0, 20;
    %assign/vec4 v0000027f1625d070_0, 0;
    %load/vec4 v0000027f1625d1b0_0;
    %load/vec4 v0000027f1625d4d0_0;
    %sub;
    %load/vec4 v0000027f1625d9d0_0;
    %sub;
    %addi 128, 0, 20;
    %assign/vec4 v0000027f1625db10_0, 0;
    %load/vec4 v0000027f1625d1b0_0;
    %load/vec4 v0000027f1625da70_0;
    %add;
    %addi 128, 0, 20;
    %assign/vec4 v0000027f1625cdf0_0, 0;
    %load/vec4 v0000027f1625dbb0_0;
    %flag_set/vec4 8;
    %jmp/0 T_6.0, 8;
    %pushi/vec4 0, 0, 1;
    %jmp/1 T_6.1, 8;
T_6.0 ; End of true expr.
    %load/vec4 v0000027f1625ccb0_0;
    %jmp/0 T_6.1, 8;
 ; End of false expr.
    %blend;
T_6.1;
    %assign/vec4 v0000027f1625dc50_0, 0;
    %jmp T_6;
    .thread T_6;
    .scope S_0000027f161ced10;
T_7 ;
    %wait E_0000027f161eaf80;
    %load/vec4 v0000027f161c2210_0;
    %parti/s 5, 3, 3;
    %load/vec4 v0000027f161c32f0_0;
    %parti/s 6, 2, 3;
    %concat/vec4; draw_concat_vec4
    %load/vec4 v0000027f161c2030_0;
    %parti/s 5, 3, 3;
    %concat/vec4; draw_concat_vec4
    %assign/vec4 v0000027f1625e150_0, 0;
    %load/vec4 v0000027f1625dbb0_0;
    %flag_set/vec4 8;
    %jmp/0 T_7.0, 8;
    %pushi/vec4 0, 0, 1;
    %jmp/1 T_7.1, 8;
T_7.0 ; End of true expr.
    %load/vec4 v0000027f1625dc50_0;
    %jmp/0 T_7.1, 8;
 ; End of false expr.
    %blend;
T_7.1;
    %assign/vec4 v0000027f1625d110_0, 0;
    %jmp T_7;
    .thread T_7;
    .scope S_0000027f161e6490;
T_8 ;
    %wait E_0000027f161eaf80;
    %load/vec4 v0000027f1625f4e0_0;
    %flag_set/vec4 8;
    %jmp/0xz  T_8.0, 8;
    %pushi/vec4 0, 0, 4;
    %assign/vec4 v0000027f1625f940_0, 0;
    %pushi/vec4 0, 0, 1;
    %assign/vec4 v0000027f1625fb20_0, 0;
    %pushi/vec4 0, 0, 10;
    %assign/vec4 v0000027f1625e9a0_0, 0;
    %pushi/vec4 0, 0, 8;
    %assign/vec4 v0000027f1625f9e0_0, 0;
    %pushi/vec4 0, 0, 10;
    %assign/vec4 v0000027f1625fbc0_0, 0;
    %pushi/vec4 0, 0, 10;
    %assign/vec4 v0000027f1625e7c0_0, 0;
    %pushi/vec4 0, 0, 8;
    %assign/vec4 v0000027f1625fda0_0, 0;
    %pushi/vec4 0, 0, 1;
    %assign/vec4 v0000027f1625ce90_0, 0;
    %pushi/vec4 0, 0, 1;
    %assign/vec4 v0000027f1625d750_0, 0;
    %pushi/vec4 0, 0, 29;
    %assign/vec4 v0000027f1625c5d0_0, 0;
    %pushi/vec4 1, 0, 8;
    %assign/vec4 v0000027f1625c710_0, 0;
    %pushi/vec4 0, 0, 64;
    %assign/vec4 v0000027f1625d7f0_0, 0;
    %pushi/vec4 255, 0, 8;
    %assign/vec4 v0000027f1625ca30_0, 0;
    %pushi/vec4 0, 0, 1;
    %assign/vec4 v0000027f1625f580_0, 0;
    %pushi/vec4 0, 0, 8;
    %assign/vec4 v0000027f1625ea40_0, 0;
    %pushi/vec4 128, 0, 8;
    %assign/vec4 v0000027f1625fc60_0, 0;
    %pushi/vec4 128, 0, 8;
    %assign/vec4 v0000027f1625f8a0_0, 0;
    %jmp T_8.1;
T_8.0 ;
    %pushi/vec4 0, 0, 1;
    %assign/vec4 v0000027f1625ce90_0, 0;
    %pushi/vec4 0, 0, 1;
    %assign/vec4 v0000027f1625d750_0, 0;
    %pushi/vec4 0, 0, 1;
    %assign/vec4 v0000027f1625f580_0, 0;
    %pushi/vec4 0, 0, 1;
    %assign/vec4 v0000027f1625fb20_0, 0;
    %load/vec4 v0000027f1625f940_0;
    %dup/vec4;
    %pushi/vec4 0, 0, 4;
    %cmp/u;
    %jmp/1 T_8.2, 6;
    %dup/vec4;
    %pushi/vec4 1, 0, 4;
    %cmp/u;
    %jmp/1 T_8.3, 6;
    %dup/vec4;
    %pushi/vec4 2, 0, 4;
    %cmp/u;
    %jmp/1 T_8.4, 6;
    %dup/vec4;
    %pushi/vec4 3, 0, 4;
    %cmp/u;
    %jmp/1 T_8.5, 6;
    %dup/vec4;
    %pushi/vec4 4, 0, 4;
    %cmp/u;
    %jmp/1 T_8.6, 6;
    %dup/vec4;
    %pushi/vec4 5, 0, 4;
    %cmp/u;
    %jmp/1 T_8.7, 6;
    %dup/vec4;
    %pushi/vec4 6, 0, 4;
    %cmp/u;
    %jmp/1 T_8.8, 6;
    %dup/vec4;
    %pushi/vec4 7, 0, 4;
    %cmp/u;
    %jmp/1 T_8.9, 6;
    %dup/vec4;
    %pushi/vec4 8, 0, 4;
    %cmp/u;
    %jmp/1 T_8.10, 6;
    %dup/vec4;
    %pushi/vec4 9, 0, 4;
    %cmp/u;
    %jmp/1 T_8.11, 6;
    %dup/vec4;
    %pushi/vec4 10, 0, 4;
    %cmp/u;
    %jmp/1 T_8.12, 6;
    %pushi/vec4 0, 0, 4;
    %assign/vec4 v0000027f1625f940_0, 0;
    %jmp T_8.14;
T_8.2 ;
    %load/vec4 v0000027f16260020_0;
    %flag_set/vec4 8;
    %jmp/0xz  T_8.15, 8;
    %pushi/vec4 0, 0, 10;
    %assign/vec4 v0000027f1625e9a0_0, 0;
    %pushi/vec4 1, 0, 4;
    %assign/vec4 v0000027f1625f940_0, 0;
T_8.15 ;
    %jmp T_8.14;
T_8.3 ;
    %load/vec4 v0000027f1625ec20_0;
    %parti/s 29, 3, 3;
    %assign/vec4 v0000027f1625c5d0_0, 0;
    %pushi/vec4 1, 0, 8;
    %assign/vec4 v0000027f1625c710_0, 0;
    %pushi/vec4 1, 0, 1;
    %assign/vec4 v0000027f1625ce90_0, 0;
    %pushi/vec4 0, 0, 8;
    %assign/vec4 v0000027f1625f9e0_0, 0;
    %load/vec4 v0000027f1625ce90_0;
    %flag_set/vec4 9;
    %flag_get/vec4 9;
    %jmp/0 T_8.19, 9;
    %load/vec4 v0000027f1625d610_0;
    %nor/r;
    %and;
T_8.19;
    %flag_set/vec4 8;
    %jmp/0xz  T_8.17, 8;
    %pushi/vec4 2, 0, 4;
    %assign/vec4 v0000027f1625f940_0, 0;
T_8.17 ;
    %jmp T_8.14;
T_8.4 ;
    %load/vec4 v0000027f1625d570_0;
    %flag_set/vec4 8;
    %jmp/0xz  T_8.20, 8;
    %load/vec4 v0000027f1625d390_0;
    %parti/s 8, 0, 2;
    %load/vec4 v0000027f1625f9e0_0;
    %parti/s 6, 0, 2;
    %concati/vec4 0, 0, 3;
    %ix/vec4 3;
    %ix/load 4, 0, 0; Constant delay
    %assign/vec4/a/d v0000027f1625fe40, 0, 4;
    %load/vec4 v0000027f1625d390_0;
    %parti/s 8, 8, 5;
    %load/vec4 v0000027f1625f9e0_0;
    %parti/s 6, 0, 2;
    %concati/vec4 1, 0, 3;
    %ix/vec4 3;
    %ix/load 4, 0, 0; Constant delay
    %assign/vec4/a/d v0000027f1625fe40, 0, 4;
    %load/vec4 v0000027f1625d390_0;
    %parti/s 8, 16, 6;
    %load/vec4 v0000027f1625f9e0_0;
    %parti/s 6, 0, 2;
    %concati/vec4 2, 0, 3;
    %ix/vec4 3;
    %ix/load 4, 0, 0; Constant delay
    %assign/vec4/a/d v0000027f1625fe40, 0, 4;
    %load/vec4 v0000027f1625d390_0;
    %parti/s 8, 24, 6;
    %load/vec4 v0000027f1625f9e0_0;
    %parti/s 6, 0, 2;
    %concati/vec4 3, 0, 3;
    %ix/vec4 3;
    %ix/load 4, 0, 0; Constant delay
    %assign/vec4/a/d v0000027f1625fe40, 0, 4;
    %load/vec4 v0000027f1625d390_0;
    %parti/s 8, 32, 7;
    %load/vec4 v0000027f1625f9e0_0;
    %parti/s 6, 0, 2;
    %concati/vec4 4, 0, 3;
    %ix/vec4 3;
    %ix/load 4, 0, 0; Constant delay
    %assign/vec4/a/d v0000027f1625fe40, 0, 4;
    %load/vec4 v0000027f1625d390_0;
    %parti/s 8, 40, 7;
    %load/vec4 v0000027f1625f9e0_0;
    %parti/s 6, 0, 2;
    %concati/vec4 5, 0, 3;
    %ix/vec4 3;
    %ix/load 4, 0, 0; Constant delay
    %assign/vec4/a/d v0000027f1625fe40, 0, 4;
    %load/vec4 v0000027f1625d390_0;
    %parti/s 8, 48, 7;
    %load/vec4 v0000027f1625f9e0_0;
    %parti/s 6, 0, 2;
    %concati/vec4 6, 0, 3;
    %ix/vec4 3;
    %ix/load 4, 0, 0; Constant delay
    %assign/vec4/a/d v0000027f1625fe40, 0, 4;
    %load/vec4 v0000027f1625d390_0;
    %parti/s 8, 56, 7;
    %load/vec4 v0000027f1625f9e0_0;
    %parti/s 6, 0, 2;
    %concati/vec4 7, 0, 3;
    %ix/vec4 3;
    %ix/load 4, 0, 0; Constant delay
    %assign/vec4/a/d v0000027f1625fe40, 0, 4;
    %load/vec4 v0000027f1625f9e0_0;
    %cmpi/e 0, 0, 8;
    %jmp/0xz  T_8.22, 4;
    %pushi/vec4 3, 0, 4;
    %assign/vec4 v0000027f1625f940_0, 0;
    %jmp T_8.23;
T_8.22 ;
    %load/vec4 v0000027f1625f9e0_0;
    %addi 1, 0, 8;
    %assign/vec4 v0000027f1625f9e0_0, 0;
T_8.23 ;
T_8.20 ;
    %jmp T_8.14;
T_8.5 ;
    %load/vec4 v0000027f1625f440_0;
    %parti/s 29, 3, 3;
    %assign/vec4 v0000027f1625c5d0_0, 0;
    %pushi/vec4 1, 0, 8;
    %assign/vec4 v0000027f1625c710_0, 0;
    %pushi/vec4 1, 0, 1;
    %assign/vec4 v0000027f1625ce90_0, 0;
    %pushi/vec4 0, 0, 8;
    %assign/vec4 v0000027f1625f9e0_0, 0;
    %load/vec4 v0000027f1625ce90_0;
    %flag_set/vec4 9;
    %flag_get/vec4 9;
    %jmp/0 T_8.26, 9;
    %load/vec4 v0000027f1625d610_0;
    %nor/r;
    %and;
T_8.26;
    %flag_set/vec4 8;
    %jmp/0xz  T_8.24, 8;
    %pushi/vec4 4, 0, 4;
    %assign/vec4 v0000027f1625f940_0, 0;
T_8.24 ;
    %jmp T_8.14;
T_8.6 ;
    %load/vec4 v0000027f1625d570_0;
    %flag_set/vec4 8;
    %jmp/0xz  T_8.27, 8;
    %load/vec4 v0000027f1625d390_0;
    %parti/s 8, 0, 2;
    %load/vec4 v0000027f1625f9e0_0;
    %parti/s 6, 0, 2;
    %concati/vec4 0, 0, 3;
    %ix/vec4 3;
    %ix/load 4, 0, 0; Constant delay
    %assign/vec4/a/d v0000027f16260160, 0, 4;
    %load/vec4 v0000027f1625d390_0;
    %parti/s 8, 8, 5;
    %load/vec4 v0000027f1625f9e0_0;
    %parti/s 6, 0, 2;
    %concati/vec4 1, 0, 3;
    %ix/vec4 3;
    %ix/load 4, 0, 0; Constant delay
    %assign/vec4/a/d v0000027f16260160, 0, 4;
    %load/vec4 v0000027f1625d390_0;
    %parti/s 8, 16, 6;
    %load/vec4 v0000027f1625f9e0_0;
    %parti/s 6, 0, 2;
    %concati/vec4 2, 0, 3;
    %ix/vec4 3;
    %ix/load 4, 0, 0; Constant delay
    %assign/vec4/a/d v0000027f16260160, 0, 4;
    %load/vec4 v0000027f1625d390_0;
    %parti/s 8, 24, 6;
    %load/vec4 v0000027f1625f9e0_0;
    %parti/s 6, 0, 2;
    %concati/vec4 3, 0, 3;
    %ix/vec4 3;
    %ix/load 4, 0, 0; Constant delay
    %assign/vec4/a/d v0000027f16260160, 0, 4;
    %load/vec4 v0000027f1625d390_0;
    %parti/s 8, 32, 7;
    %load/vec4 v0000027f1625f9e0_0;
    %parti/s 6, 0, 2;
    %concati/vec4 4, 0, 3;
    %ix/vec4 3;
    %ix/load 4, 0, 0; Constant delay
    %assign/vec4/a/d v0000027f16260160, 0, 4;
    %load/vec4 v0000027f1625d390_0;
    %parti/s 8, 40, 7;
    %load/vec4 v0000027f1625f9e0_0;
    %parti/s 6, 0, 2;
    %concati/vec4 5, 0, 3;
    %ix/vec4 3;
    %ix/load 4, 0, 0; Constant delay
    %assign/vec4/a/d v0000027f16260160, 0, 4;
    %load/vec4 v0000027f1625d390_0;
    %parti/s 8, 48, 7;
    %load/vec4 v0000027f1625f9e0_0;
    %parti/s 6, 0, 2;
    %concati/vec4 6, 0, 3;
    %ix/vec4 3;
    %ix/load 4, 0, 0; Constant delay
    %assign/vec4/a/d v0000027f16260160, 0, 4;
    %load/vec4 v0000027f1625d390_0;
    %parti/s 8, 56, 7;
    %load/vec4 v0000027f1625f9e0_0;
    %parti/s 6, 0, 2;
    %concati/vec4 7, 0, 3;
    %ix/vec4 3;
    %ix/load 4, 0, 0; Constant delay
    %assign/vec4/a/d v0000027f16260160, 0, 4;
    %load/vec4 v0000027f1625f9e0_0;
    %cmpi/e 0, 0, 8;
    %jmp/0xz  T_8.29, 4;
    %pushi/vec4 5, 0, 4;
    %assign/vec4 v0000027f1625f940_0, 0;
    %jmp T_8.30;
T_8.29 ;
    %load/vec4 v0000027f1625f9e0_0;
    %addi 1, 0, 8;
    %assign/vec4 v0000027f1625f9e0_0, 0;
T_8.30 ;
T_8.27 ;
    %jmp T_8.14;
T_8.7 ;
    %load/vec4 v0000027f1625eb80_0;
    %parti/s 29, 3, 3;
    %assign/vec4 v0000027f1625c5d0_0, 0;
    %pushi/vec4 2, 0, 8;
    %assign/vec4 v0000027f1625c710_0, 0;
    %pushi/vec4 1, 0, 1;
    %assign/vec4 v0000027f1625ce90_0, 0;
    %pushi/vec4 0, 0, 8;
    %assign/vec4 v0000027f1625f9e0_0, 0;
    %load/vec4 v0000027f1625ce90_0;
    %flag_set/vec4 9;
    %flag_get/vec4 9;
    %jmp/0 T_8.33, 9;
    %load/vec4 v0000027f1625d610_0;
    %nor/r;
    %and;
T_8.33;
    %flag_set/vec4 8;
    %jmp/0xz  T_8.31, 8;
    %pushi/vec4 6, 0, 4;
    %assign/vec4 v0000027f1625f940_0, 0;
T_8.31 ;
    %jmp T_8.14;
T_8.8 ;
    %load/vec4 v0000027f1625d570_0;
    %flag_set/vec4 8;
    %jmp/0xz  T_8.34, 8;
    %load/vec4 v0000027f1625d390_0;
    %parti/s 8, 0, 2;
    %load/vec4 v0000027f1625f9e0_0;
    %parti/s 7, 0, 2;
    %concati/vec4 0, 0, 3;
    %ix/vec4 3;
    %ix/load 4, 0, 0; Constant delay
    %assign/vec4/a/d v0000027f1625eae0, 0, 4;
    %load/vec4 v0000027f1625d390_0;
    %parti/s 8, 8, 5;
    %load/vec4 v0000027f1625f9e0_0;
    %parti/s 7, 0, 2;
    %concati/vec4 1, 0, 3;
    %ix/vec4 3;
    %ix/load 4, 0, 0; Constant delay
    %assign/vec4/a/d v0000027f1625eae0, 0, 4;
    %load/vec4 v0000027f1625d390_0;
    %parti/s 8, 16, 6;
    %load/vec4 v0000027f1625f9e0_0;
    %parti/s 7, 0, 2;
    %concati/vec4 2, 0, 3;
    %ix/vec4 3;
    %ix/load 4, 0, 0; Constant delay
    %assign/vec4/a/d v0000027f1625eae0, 0, 4;
    %load/vec4 v0000027f1625d390_0;
    %parti/s 8, 24, 6;
    %load/vec4 v0000027f1625f9e0_0;
    %parti/s 7, 0, 2;
    %concati/vec4 3, 0, 3;
    %ix/vec4 3;
    %ix/load 4, 0, 0; Constant delay
    %assign/vec4/a/d v0000027f1625eae0, 0, 4;
    %load/vec4 v0000027f1625d390_0;
    %parti/s 8, 32, 7;
    %load/vec4 v0000027f1625f9e0_0;
    %parti/s 7, 0, 2;
    %concati/vec4 4, 0, 3;
    %ix/vec4 3;
    %ix/load 4, 0, 0; Constant delay
    %assign/vec4/a/d v0000027f1625eae0, 0, 4;
    %load/vec4 v0000027f1625d390_0;
    %parti/s 8, 40, 7;
    %load/vec4 v0000027f1625f9e0_0;
    %parti/s 7, 0, 2;
    %concati/vec4 5, 0, 3;
    %ix/vec4 3;
    %ix/load 4, 0, 0; Constant delay
    %assign/vec4/a/d v0000027f1625eae0, 0, 4;
    %load/vec4 v0000027f1625d390_0;
    %parti/s 8, 48, 7;
    %load/vec4 v0000027f1625f9e0_0;
    %parti/s 7, 0, 2;
    %concati/vec4 6, 0, 3;
    %ix/vec4 3;
    %ix/load 4, 0, 0; Constant delay
    %assign/vec4/a/d v0000027f1625eae0, 0, 4;
    %load/vec4 v0000027f1625d390_0;
    %parti/s 8, 56, 7;
    %load/vec4 v0000027f1625f9e0_0;
    %parti/s 7, 0, 2;
    %concati/vec4 7, 0, 3;
    %ix/vec4 3;
    %ix/load 4, 0, 0; Constant delay
    %assign/vec4/a/d v0000027f1625eae0, 0, 4;
    %load/vec4 v0000027f1625f9e0_0;
    %cmpi/e 1, 0, 8;
    %jmp/0xz  T_8.36, 4;
    %pushi/vec4 0, 0, 10;
    %assign/vec4 v0000027f1625fbc0_0, 0;
    %pushi/vec4 0, 0, 10;
    %assign/vec4 v0000027f1625e7c0_0, 0;
    %pushi/vec4 7, 0, 4;
    %assign/vec4 v0000027f1625f940_0, 0;
    %jmp T_8.37;
T_8.36 ;
    %load/vec4 v0000027f1625f9e0_0;
    %addi 1, 0, 8;
    %assign/vec4 v0000027f1625f9e0_0, 0;
T_8.37 ;
T_8.34 ;
    %jmp T_8.14;
T_8.9 ;
    %load/vec4 v0000027f1625fbc0_0;
    %pad/u 32;
    %cmpi/u 16, 0, 32;
    %jmp/0xz  T_8.38, 5;
    %ix/getv 4, v0000027f1625fbc0_0;
    %load/vec4a v0000027f1625eae0, 4;
    %assign/vec4 v0000027f1625ea40_0, 0;
    %load/vec4 v0000027f1625fbc0_0;
    %parti/s 9, 1, 2;
    %ix/vec4 4;
    %load/vec4a v0000027f1625fe40, 4;
    %assign/vec4 v0000027f1625fc60_0, 0;
    %load/vec4 v0000027f1625fbc0_0;
    %parti/s 9, 1, 2;
    %ix/vec4 4;
    %load/vec4a v0000027f16260160, 4;
    %assign/vec4 v0000027f1625f8a0_0, 0;
    %pushi/vec4 1, 0, 1;
    %assign/vec4 v0000027f1625f580_0, 0;
    %load/vec4 v0000027f1625fbc0_0;
    %addi 1, 0, 10;
    %assign/vec4 v0000027f1625fbc0_0, 0;
T_8.38 ;
    %load/vec4 v0000027f162600c0_0;
    %flag_set/vec4 8;
    %jmp/0xz  T_8.40, 8;
    %load/vec4 v0000027f1625fa80_0;
    %parti/s 8, 8, 5;
    %load/vec4 v0000027f1625e7c0_0;
    %concati/vec4 0, 0, 1;
    %ix/vec4 3;
    %ix/load 4, 0, 0; Constant delay
    %assign/vec4/a/d v0000027f1625e860, 0, 4;
    %load/vec4 v0000027f1625fa80_0;
    %parti/s 8, 0, 2;
    %load/vec4 v0000027f1625e7c0_0;
    %concati/vec4 1, 0, 1;
    %ix/vec4 3;
    %ix/load 4, 0, 0; Constant delay
    %assign/vec4/a/d v0000027f1625e860, 0, 4;
    %load/vec4 v0000027f1625e7c0_0;
    %pad/u 32;
    %cmpi/e 15, 0, 32;
    %jmp/0xz  T_8.42, 4;
    %pushi/vec4 0, 0, 8;
    %assign/vec4 v0000027f1625fda0_0, 0;
    %pushi/vec4 0, 0, 8;
    %store/vec4 v0000027f161c2990_0, 0, 8;
    %callf/vec4 TD_dma_smoke_tb.dma.pack_beat, S_0000027f161fca70;
    %assign/vec4 v0000027f1625d7f0_0, 0;
    %pushi/vec4 8, 0, 4;
    %assign/vec4 v0000027f1625f940_0, 0;
    %jmp T_8.43;
T_8.42 ;
    %load/vec4 v0000027f1625e7c0_0;
    %addi 1, 0, 10;
    %assign/vec4 v0000027f1625e7c0_0, 0;
T_8.43 ;
T_8.40 ;
    %jmp T_8.14;
T_8.10 ;
    %pushi/vec4 1, 0, 1;
    %assign/vec4 v0000027f1625d750_0, 0;
    %pushi/vec4 255, 0, 8;
    %assign/vec4 v0000027f1625ca30_0, 0;
    %load/vec4 v0000027f1625d750_0;
    %nor/r;
    %flag_set/vec4 8;
    %jmp/0xz  T_8.44, 8;
    %load/vec4 v0000027f16260200_0;
    %parti/s 29, 3, 3;
    %assign/vec4 v0000027f1625c5d0_0, 0;
    %pushi/vec4 4, 0, 8;
    %assign/vec4 v0000027f1625c710_0, 0;
T_8.44 ;
    %load/vec4 v0000027f1625d750_0;
    %flag_set/vec4 9;
    %flag_get/vec4 9;
    %jmp/0 T_8.48, 9;
    %load/vec4 v0000027f1625d610_0;
    %nor/r;
    %and;
T_8.48;
    %flag_set/vec4 8;
    %jmp/0xz  T_8.46, 8;
    %load/vec4 v0000027f1625fda0_0;
    %cmpi/e 3, 0, 8;
    %jmp/0xz  T_8.49, 4;
    %pushi/vec4 9, 0, 4;
    %assign/vec4 v0000027f1625f940_0, 0;
    %pushi/vec4 0, 0, 1;
    %assign/vec4 v0000027f1625d750_0, 0;
    %jmp T_8.50;
T_8.49 ;
    %load/vec4 v0000027f1625fda0_0;
    %addi 1, 0, 8;
    %assign/vec4 v0000027f1625fda0_0, 0;
    %load/vec4 v0000027f1625fda0_0;
    %addi 1, 0, 8;
    %store/vec4 v0000027f161c2990_0, 0, 8;
    %callf/vec4 TD_dma_smoke_tb.dma.pack_beat, S_0000027f161fca70;
    %assign/vec4 v0000027f1625d7f0_0, 0;
T_8.50 ;
T_8.46 ;
    %jmp T_8.14;
T_8.11 ;
    %load/vec4 v0000027f1625e9a0_0;
    %pad/u 32;
    %cmpi/e 1, 0, 32;
    %jmp/0xz  T_8.51, 4;
    %pushi/vec4 10, 0, 4;
    %assign/vec4 v0000027f1625f940_0, 0;
    %jmp T_8.52;
T_8.51 ;
    %load/vec4 v0000027f1625e9a0_0;
    %addi 1, 0, 10;
    %assign/vec4 v0000027f1625e9a0_0, 0;
    %load/vec4 v0000027f1625e9a0_0;
    %parti/s 1, 0, 2;
    %flag_set/vec4 8;
    %jmp/0xz  T_8.53, 8;
    %pushi/vec4 1, 0, 4;
    %assign/vec4 v0000027f1625f940_0, 0;
    %jmp T_8.54;
T_8.53 ;
    %pushi/vec4 5, 0, 4;
    %assign/vec4 v0000027f1625f940_0, 0;
T_8.54 ;
T_8.52 ;
    %jmp T_8.14;
T_8.12 ;
    %pushi/vec4 1, 0, 1;
    %assign/vec4 v0000027f1625fb20_0, 0;
    %pushi/vec4 0, 0, 4;
    %assign/vec4 v0000027f1625f940_0, 0;
    %jmp T_8.14;
T_8.14 ;
    %pop/vec4 1;
T_8.1 ;
    %jmp T_8;
    .thread T_8;
    .scope S_0000027f1618e5b0;
T_9 ;
    %pushi/vec4 0, 0, 1;
    %store/vec4 v0000027f1625f120_0, 0, 1;
    %pushi/vec4 0, 0, 21;
    %store/vec4 v0000027f1625f080_0, 0, 21;
    %pushi/vec4 0, 0, 12;
    %store/vec4 v0000027f1625f3a0_0, 0, 12;
    %pushi/vec4 0, 0, 1;
    %store/vec4 v0000027f16262030_0, 0, 1;
    %pushi/vec4 0, 0, 32;
    %store/vec4 v0000027f16260d70_0, 0, 32;
    %end;
    .thread T_9, $init;
    .scope S_0000027f1618e5b0;
T_10 ;
    %wait E_0000027f161eaf80;
    %load/vec4 v0000027f162620d0_0;
    %nor/r;
    %flag_set/vec4 8;
    %jmp/0xz  T_10.0, 8;
    %pushi/vec4 0, 0, 1;
    %assign/vec4 v0000027f16260730_0, 0;
    %jmp T_10.1;
T_10.0 ;
    %load/vec4 v0000027f16260690_0;
    %flag_set/vec4 8;
    %jmp/0xz  T_10.2, 8;
    %pushi/vec4 1, 0, 1;
    %assign/vec4 v0000027f16260730_0, 0;
T_10.2 ;
    %load/vec4 v0000027f1625ef40_0;
    %load/vec4 v0000027f1625ee00_0;
    %and;
    %load/vec4 v0000027f1625e540_0;
    %parti/s 3, 2, 3;
    %pushi/vec4 0, 0, 3;
    %cmp/e;
    %flag_get/vec4 4;
    %and;
    %flag_set/vec4 8;
    %jmp/0xz  T_10.4, 8;
    %pushi/vec4 0, 0, 1;
    %assign/vec4 v0000027f16260730_0, 0;
T_10.4 ;
T_10.1 ;
    %jmp T_10;
    .thread T_10;
    .scope S_0000027f1618e5b0;
T_11 ;
    %wait E_0000027f161eaf80;
    %load/vec4 v0000027f162620d0_0;
    %nor/r;
    %flag_set/vec4 8;
    %jmp/0xz  T_11.0, 8;
    %pushi/vec4 0, 0, 1;
    %assign/vec4 v0000027f16261a90_0, 0;
    %pushi/vec4 0, 0, 32;
    %assign/vec4 v0000027f16261c70_0, 0;
    %pushi/vec4 0, 0, 12;
    %assign/vec4 v0000027f16261950_0, 0;
    %jmp T_11.1;
T_11.0 ;
    %load/vec4 v0000027f1625ef40_0;
    %load/vec4 v0000027f1625ee00_0;
    %and;
    %flag_set/vec4 8;
    %jmp/0xz  T_11.2, 8;
    %load/vec4 v0000027f1625f760_0;
    %assign/vec4 v0000027f16261950_0, 0;
    %load/vec4 v0000027f1625e540_0;
    %parti/s 3, 2, 3;
    %dup/vec4;
    %pushi/vec4 0, 0, 3;
    %cmp/u;
    %jmp/1 T_11.4, 6;
    %dup/vec4;
    %pushi/vec4 2, 0, 3;
    %cmp/u;
    %jmp/1 T_11.5, 6;
    %dup/vec4;
    %pushi/vec4 4, 0, 3;
    %cmp/u;
    %jmp/1 T_11.6, 6;
    %dup/vec4;
    %pushi/vec4 5, 0, 3;
    %cmp/u;
    %jmp/1 T_11.7, 6;
    %dup/vec4;
    %pushi/vec4 6, 0, 3;
    %cmp/u;
    %jmp/1 T_11.8, 6;
    %dup/vec4;
    %pushi/vec4 7, 0, 3;
    %cmp/u;
    %jmp/1 T_11.9, 6;
    %pushi/vec4 0, 0, 32;
    %assign/vec4 v0000027f16261c70_0, 0;
    %jmp T_11.11;
T_11.4 ;
    %pushi/vec4 0, 0, 28;
    %load/vec4 v0000027f16260730_0;
    %concat/vec4; draw_concat_vec4
    %load/vec4 v0000027f16260eb0_0;
    %concat/vec4; draw_concat_vec4
    %concati/vec4 0, 0, 2;
    %assign/vec4 v0000027f16261c70_0, 0;
    %jmp T_11.11;
T_11.5 ;
    %pushi/vec4 0, 0, 30;
    %load/vec4 v0000027f162616d0_0;
    %concat/vec4; draw_concat_vec4
    %load/vec4 v0000027f16261d10_0;
    %concat/vec4; draw_concat_vec4
    %assign/vec4 v0000027f16261c70_0, 0;
    %jmp T_11.11;
T_11.6 ;
    %load/vec4 v0000027f16262170_0;
    %assign/vec4 v0000027f16261c70_0, 0;
    %jmp T_11.11;
T_11.7 ;
    %load/vec4 v0000027f16262210_0;
    %assign/vec4 v0000027f16261c70_0, 0;
    %jmp T_11.11;
T_11.8 ;
    %load/vec4 v0000027f16261ef0_0;
    %assign/vec4 v0000027f16261c70_0, 0;
    %jmp T_11.11;
T_11.9 ;
    %load/vec4 v0000027f162607d0_0;
    %assign/vec4 v0000027f16261c70_0, 0;
    %jmp T_11.11;
T_11.11 ;
    %pop/vec4 1;
    %pushi/vec4 1, 0, 1;
    %assign/vec4 v0000027f16261a90_0, 0;
    %jmp T_11.3;
T_11.2 ;
    %load/vec4 v0000027f16261a90_0;
    %load/vec4 v0000027f16260ff0_0;
    %and;
    %flag_set/vec4 8;
    %jmp/0xz  T_11.12, 8;
    %pushi/vec4 0, 0, 1;
    %assign/vec4 v0000027f16261a90_0, 0;
T_11.12 ;
T_11.3 ;
T_11.1 ;
    %jmp T_11;
    .thread T_11;
    .scope S_0000027f1618e5b0;
T_12 ;
    %wait E_0000027f161eaf80;
    %load/vec4 v0000027f162620d0_0;
    %nor/r;
    %flag_set/vec4 8;
    %jmp/0xz  T_12.0, 8;
    %pushi/vec4 0, 0, 1;
    %assign/vec4 v0000027f1625f120_0, 0;
    %pushi/vec4 0, 0, 1;
    %assign/vec4 v0000027f16262030_0, 0;
    %pushi/vec4 0, 0, 1;
    %assign/vec4 v0000027f16260b90_0, 0;
    %pushi/vec4 0, 0, 12;
    %assign/vec4 v0000027f16260f50_0, 0;
    %pushi/vec4 0, 0, 1;
    %assign/vec4 v0000027f16261d10_0, 0;
    %pushi/vec4 0, 0, 1;
    %assign/vec4 v0000027f162616d0_0, 0;
    %pushi/vec4 806535168, 0, 32;
    %assign/vec4 v0000027f16262170_0, 0;
    %pushi/vec4 806842368, 0, 32;
    %assign/vec4 v0000027f16262210_0, 0;
    %pushi/vec4 806919168, 0, 32;
    %assign/vec4 v0000027f16261ef0_0, 0;
    %pushi/vec4 805306368, 0, 32;
    %assign/vec4 v0000027f162607d0_0, 0;
    %jmp T_12.1;
T_12.0 ;
    %pushi/vec4 0, 0, 1;
    %assign/vec4 v0000027f162616d0_0, 0;
    %load/vec4 v0000027f16260af0_0;
    %load/vec4 v0000027f162618b0_0;
    %and;
    %flag_set/vec4 8;
    %jmp/0xz  T_12.2, 8;
    %load/vec4 v0000027f1625f620_0;
    %assign/vec4 v0000027f1625f080_0, 0;
    %load/vec4 v0000027f1625f300_0;
    %assign/vec4 v0000027f1625f3a0_0, 0;
    %pushi/vec4 1, 0, 1;
    %assign/vec4 v0000027f1625f120_0, 0;
T_12.2 ;
    %load/vec4 v0000027f16261e50_0;
    %load/vec4 v0000027f16261590_0;
    %and;
    %flag_set/vec4 8;
    %jmp/0xz  T_12.4, 8;
    %load/vec4 v0000027f16261130_0;
    %assign/vec4 v0000027f16260d70_0, 0;
    %pushi/vec4 1, 0, 1;
    %assign/vec4 v0000027f16262030_0, 0;
T_12.4 ;
    %load/vec4 v0000027f1625f120_0;
    %load/vec4 v0000027f16262030_0;
    %and;
    %flag_set/vec4 8;
    %jmp/0xz  T_12.6, 8;
    %load/vec4 v0000027f1625f080_0;
    %parti/s 3, 2, 3;
    %dup/vec4;
    %pushi/vec4 2, 0, 3;
    %cmp/u;
    %jmp/1 T_12.8, 6;
    %dup/vec4;
    %pushi/vec4 4, 0, 3;
    %cmp/u;
    %jmp/1 T_12.9, 6;
    %dup/vec4;
    %pushi/vec4 5, 0, 3;
    %cmp/u;
    %jmp/1 T_12.10, 6;
    %dup/vec4;
    %pushi/vec4 6, 0, 3;
    %cmp/u;
    %jmp/1 T_12.11, 6;
    %dup/vec4;
    %pushi/vec4 7, 0, 3;
    %cmp/u;
    %jmp/1 T_12.12, 6;
    %jmp T_12.14;
T_12.8 ;
    %load/vec4 v0000027f16260d70_0;
    %parti/s 1, 0, 2;
    %assign/vec4 v0000027f16261d10_0, 0;
    %load/vec4 v0000027f16260d70_0;
    %parti/s 1, 1, 2;
    %assign/vec4 v0000027f162616d0_0, 0;
    %jmp T_12.14;
T_12.9 ;
    %load/vec4 v0000027f16260d70_0;
    %assign/vec4 v0000027f16262170_0, 0;
    %jmp T_12.14;
T_12.10 ;
    %load/vec4 v0000027f16260d70_0;
    %assign/vec4 v0000027f16262210_0, 0;
    %jmp T_12.14;
T_12.11 ;
    %load/vec4 v0000027f16260d70_0;
    %assign/vec4 v0000027f16261ef0_0, 0;
    %jmp T_12.14;
T_12.12 ;
    %load/vec4 v0000027f16260d70_0;
    %assign/vec4 v0000027f162607d0_0, 0;
    %jmp T_12.14;
T_12.14 ;
    %pop/vec4 1;
    %pushi/vec4 0, 0, 1;
    %assign/vec4 v0000027f1625f120_0, 0;
    %pushi/vec4 0, 0, 1;
    %assign/vec4 v0000027f16262030_0, 0;
    %load/vec4 v0000027f1625f3a0_0;
    %assign/vec4 v0000027f16260f50_0, 0;
    %pushi/vec4 1, 0, 1;
    %assign/vec4 v0000027f16260b90_0, 0;
T_12.6 ;
    %load/vec4 v0000027f16260b90_0;
    %load/vec4 v0000027f16261f90_0;
    %and;
    %flag_set/vec4 8;
    %jmp/0xz  T_12.15, 8;
    %pushi/vec4 0, 0, 1;
    %assign/vec4 v0000027f16260b90_0, 0;
T_12.15 ;
T_12.1 ;
    %jmp T_12;
    .thread T_12;
    .scope S_0000027f16114680;
T_13 ;
    %pushi/vec4 0, 0, 1;
    %store/vec4 v0000027f16263be0_0, 0, 1;
    %pushi/vec4 0, 0, 1;
    %store/vec4 v0000027f162629c0_0, 0, 1;
    %pushi/vec4 0, 0, 1;
    %store/vec4 v0000027f16262ce0_0, 0, 1;
    %pushi/vec4 0, 0, 64;
    %store/vec4 v0000027f16260c30_0, 0, 64;
    %pushi/vec4 0, 0, 1;
    %store/vec4 v0000027f16260cd0_0, 0, 1;
    %pushi/vec4 0, 0, 21;
    %store/vec4 v0000027f162626a0_0, 0, 21;
    %pushi/vec4 0, 0, 12;
    %store/vec4 v0000027f162638c0_0, 0, 12;
    %pushi/vec4 0, 0, 4;
    %store/vec4 v0000027f16264220_0, 0, 4;
    %pushi/vec4 2, 0, 3;
    %store/vec4 v0000027f16263dc0_0, 0, 3;
    %pushi/vec4 1, 0, 2;
    %store/vec4 v0000027f16263820_0, 0, 2;
    %pushi/vec4 0, 0, 2;
    %store/vec4 v0000027f16262420_0, 0, 2;
    %pushi/vec4 0, 0, 4;
    %store/vec4 v0000027f16262880_0, 0, 4;
    %pushi/vec4 0, 0, 3;
    %store/vec4 v0000027f16263aa0_0, 0, 3;
    %pushi/vec4 0, 0, 1;
    %store/vec4 v0000027f162624c0_0, 0, 1;
    %pushi/vec4 0, 0, 32;
    %store/vec4 v0000027f16263500_0, 0, 32;
    %pushi/vec4 0, 0, 12;
    %store/vec4 v0000027f16264040_0, 0, 12;
    %pushi/vec4 15, 0, 4;
    %store/vec4 v0000027f16264180_0, 0, 4;
    %pushi/vec4 1, 0, 1;
    %store/vec4 v0000027f162627e0_0, 0, 1;
    %pushi/vec4 0, 0, 1;
    %store/vec4 v0000027f162635a0_0, 0, 1;
    %pushi/vec4 1, 0, 1;
    %store/vec4 v0000027f16262920_0, 0, 1;
    %pushi/vec4 0, 0, 21;
    %store/vec4 v0000027f16261310_0, 0, 21;
    %pushi/vec4 0, 0, 12;
    %store/vec4 v0000027f16260910_0, 0, 12;
    %pushi/vec4 0, 0, 4;
    %store/vec4 v0000027f162613b0_0, 0, 4;
    %pushi/vec4 2, 0, 3;
    %store/vec4 v0000027f162614f0_0, 0, 3;
    %pushi/vec4 1, 0, 2;
    %store/vec4 v0000027f162622b0_0, 0, 2;
    %pushi/vec4 0, 0, 2;
    %store/vec4 v0000027f16260410_0, 0, 2;
    %pushi/vec4 0, 0, 4;
    %store/vec4 v0000027f162605f0_0, 0, 4;
    %pushi/vec4 0, 0, 3;
    %store/vec4 v0000027f162604b0_0, 0, 3;
    %pushi/vec4 0, 0, 1;
    %store/vec4 v0000027f16260550_0, 0, 1;
    %pushi/vec4 1, 0, 1;
    %store/vec4 v0000027f16262b00_0, 0, 1;
    %pushi/vec4 0, 0, 1;
    %store/vec4 v0000027f16262600_0, 0, 1;
    %pushi/vec4 0, 0, 1;
    %store/vec4 v0000027f16262e20_0, 0, 1;
    %pushi/vec4 0, 0, 1;
    %store/vec4 v0000027f16263640_0, 0, 1;
    %end;
    .thread T_13, $init;
    .scope S_0000027f16114680;
T_14 ;
    %delay 5000, 0;
    %load/vec4 v0000027f16263be0_0;
    %inv;
    %store/vec4 v0000027f16263be0_0, 0, 1;
    %jmp T_14;
    .thread T_14;
    .scope S_0000027f16114680;
T_15 ;
    %wait E_0000027f161eaf80;
    %pushi/vec4 0, 0, 1;
    %assign/vec4 v0000027f16260cd0_0, 0;
    %pushi/vec4 4294967295, 4294967295, 32;
    %concati/vec4 4294967295, 4294967295, 32;
    %assign/vec4 v0000027f16260c30_0, 0;
    %load/vec4 v0000027f16261770_0;
    %flag_set/vec4 9;
    %flag_get/vec4 9;
    %jmp/0 T_15.2, 9;
    %load/vec4 v0000027f16262600_0;
    %nor/r;
    %and;
T_15.2;
    %flag_set/vec4 8;
    %jmp/0xz  T_15.0, 8;
    %load/vec4 v0000027f162609b0_0;
    %assign/vec4 v0000027f16262c40_0, 0;
    %load/vec4 v0000027f16261630_0;
    %assign/vec4 v0000027f16263fa0_0, 0;
    %pushi/vec4 1, 0, 1;
    %assign/vec4 v0000027f16262600_0, 0;
    %pushi/vec4 1, 0, 1;
    %assign/vec4 v0000027f16262e20_0, 0;
    %load/vec4 v0000027f162609b0_0;
    %concati/vec4 0, 0, 3;
    %vpi_call/w 3 264 "$display", "[%0t ns] RD  avl_addr=0x%08X  burstcnt=%0d", $time, S<0,vec4,u32>, v0000027f16261630_0 {1 0 0};
T_15.0 ;
    %load/vec4 v0000027f16262600_0;
    %flag_set/vec4 8;
    %jmp/0xz  T_15.3, 8;
    %load/vec4 v0000027f16262e20_0;
    %flag_set/vec4 8;
    %jmp/0xz  T_15.5, 8;
    %pushi/vec4 0, 0, 1;
    %assign/vec4 v0000027f16262e20_0, 0;
    %jmp T_15.6;
T_15.5 ;
    %pushi/vec4 1, 0, 1;
    %assign/vec4 v0000027f16260cd0_0, 0;
    %load/vec4 v0000027f16262c40_0;
    %parti/s 8, 0, 2;
    %pad/u 10;
    %ix/vec4 4;
    %load/vec4a v0000027f16263140, 4;
    %assign/vec4 v0000027f16260c30_0, 0;
    %load/vec4 v0000027f16262c40_0;
    %addi 1, 0, 29;
    %assign/vec4 v0000027f16262c40_0, 0;
    %load/vec4 v0000027f16263fa0_0;
    %cmpi/e 1, 0, 8;
    %jmp/0xz  T_15.7, 4;
    %pushi/vec4 0, 0, 1;
    %assign/vec4 v0000027f16262600_0, 0;
    %jmp T_15.8;
T_15.7 ;
    %load/vec4 v0000027f16263fa0_0;
    %subi 1, 0, 8;
    %assign/vec4 v0000027f16263fa0_0, 0;
T_15.8 ;
T_15.6 ;
T_15.3 ;
    %load/vec4 v0000027f16262f60_0;
    %flag_set/vec4 8;
    %jmp/0xz  T_15.9, 8;
    %load/vec4 v0000027f16263640_0;
    %nor/r;
    %flag_set/vec4 8;
    %jmp/0xz  T_15.11, 8;
    %load/vec4 v0000027f16262ba0_0;
    %load/vec4 v0000027f162609b0_0;
    %parti/s 8, 0, 2;
    %pad/u 10;
    %ix/vec4 3;
    %ix/load 4, 0, 0; Constant delay
    %assign/vec4/a/d v0000027f16263140, 0, 4;
    %load/vec4 v0000027f162609b0_0;
    %concati/vec4 0, 0, 3;
    %vpi_call/w 3 287 "$display", "[%0t ns] WR  avl_addr=0x%08X  beat=0  data=0x%016X", $time, S<0,vec4,u32>, v0000027f16262ba0_0 {1 0 0};
    %load/vec4 v0000027f162609b0_0;
    %addi 1, 0, 29;
    %assign/vec4 v0000027f16262d80_0, 0;
    %load/vec4 v0000027f16261630_0;
    %subi 1, 0, 8;
    %assign/vec4 v0000027f162640e0_0, 0;
    %load/vec4 v0000027f16261630_0;
    %pushi/vec4 1, 0, 8;
    %cmp/ne;
    %flag_get/vec4 4;
    %assign/vec4 v0000027f16263640_0, 0;
    %jmp T_15.12;
T_15.11 ;
    %load/vec4 v0000027f16262ba0_0;
    %load/vec4 v0000027f16262d80_0;
    %parti/s 8, 0, 2;
    %pad/u 10;
    %ix/vec4 3;
    %ix/load 4, 0, 0; Constant delay
    %assign/vec4/a/d v0000027f16263140, 0, 4;
    %load/vec4 v0000027f16262d80_0;
    %concati/vec4 0, 0, 3;
    %vpi_call/w 3 295 "$display", "[%0t ns] WR  avl_addr=0x%08X  beat+N  data=0x%016X", $time, S<0,vec4,u32>, v0000027f16262ba0_0 {1 0 0};
    %load/vec4 v0000027f16262d80_0;
    %addi 1, 0, 29;
    %assign/vec4 v0000027f16262d80_0, 0;
    %load/vec4 v0000027f162640e0_0;
    %subi 1, 0, 8;
    %assign/vec4 v0000027f162640e0_0, 0;
    %load/vec4 v0000027f162640e0_0;
    %pushi/vec4 1, 0, 8;
    %cmp/ne;
    %flag_get/vec4 4;
    %assign/vec4 v0000027f16263640_0, 0;
T_15.12 ;
T_15.9 ;
    %jmp T_15;
    .thread T_15;
    .scope S_0000027f16114680;
T_16 ;
    %vpi_call/w 3 374 "$dumpfile", "dma_waves.vcd" {0 0 0};
    %vpi_call/w 3 375 "$dumpvars", 32'sb00000000000000000000000000000000, S_0000027f16114680 {0 0 0};
    %vpi_call/w 3 377 "$display", "\000" {0 0 0};
    %vpi_call/w 3 378 "$display", "=========================================================" {0 0 0};
    %vpi_call/w 3 379 "$display", " dma_smoke_tb: Phase 1.5 YUV-DMA smoke test" {0 0 0};
    %vpi_call/w 3 380 "$display", " Frame: %0d x %0d  |  pure-red YUV420P", P_0000027f16178478, P_0000027f161783d0 {0 0 0};
    %vpi_call/w 3 381 "$display", "   Y=82 (0x52)  U=91 (0x5B)  V=240 (0xF0)" {0 0 0};
    %vpi_call/w 3 382 "$display", "   Expected RBG565 = 0xF800 per pixel" {0 0 0};
    %vpi_call/w 3 383 "$display", "   Expected Avalon beat = 0x%016X", P_0000027f16178328 {0 0 0};
    %vpi_call/w 3 384 "$display", "=========================================================" {0 0 0};
    %vpi_call/w 3 385 "$display", "\000" {0 0 0};
    %pushi/vec4 0, 0, 32;
    %store/vec4 v0000027f16262a60_0, 0, 32;
T_16.0 ;
    %load/vec4 v0000027f16262a60_0;
    %cmpi/s 256, 0, 32;
    %jmp/0xz T_16.1, 5;
    %pushi/vec4 3735936685, 0, 32;
    %concati/vec4 3735936685, 0, 32;
    %ix/getv/s 4, v0000027f16262a60_0;
    %store/vec4a v0000027f16263140, 4, 0;
    %load/vec4 v0000027f16262a60_0;
    %addi 1, 0, 32;
    %store/vec4 v0000027f16262a60_0, 0, 32;
    %jmp T_16.0;
T_16.1 ;
    %pushi/vec4 2762253476, 0, 33;
    %concati/vec4 1381126738, 0, 31;
    %ix/load 4, 32, 0;
    %flag_set/imm 4, 0;
    %store/vec4a v0000027f16263140, 4, 0;
    %pushi/vec4 2762253476, 0, 33;
    %concati/vec4 1381126738, 0, 31;
    %ix/load 4, 33, 0;
    %flag_set/imm 4, 0;
    %store/vec4a v0000027f16263140, 4, 0;
    %pushi/vec4 2762253476, 0, 33;
    %concati/vec4 1381126738, 0, 31;
    %ix/load 4, 34, 0;
    %flag_set/imm 4, 0;
    %store/vec4a v0000027f16263140, 4, 0;
    %pushi/vec4 2762253476, 0, 33;
    %concati/vec4 1381126738, 0, 31;
    %ix/load 4, 35, 0;
    %flag_set/imm 4, 0;
    %store/vec4a v0000027f16263140, 4, 0;
    %pushi/vec4 3065427638, 0, 33;
    %concati/vec4 1532713819, 0, 31;
    %ix/load 4, 64, 0;
    %flag_set/imm 4, 0;
    %store/vec4a v0000027f16263140, 4, 0;
    %pushi/vec4 4042322160, 0, 32;
    %concati/vec4 4042322160, 0, 32;
    %ix/load 4, 96, 0;
    %flag_set/imm 4, 0;
    %store/vec4a v0000027f16263140, 4, 0;
    %vpi_call/w 3 403 "$display", "[init]  Dummy RAM pre-loaded:" {0 0 0};
    %vpi_call/w 3 404 "$display", "        Y[%0d..%0d] = 0x%016X (all rows)", P_0000027f161786e0, 32'b00000000000000000000000000100011, P_0000027f16178670 {0 0 0};
    %vpi_call/w 3 405 "$display", "        U[%0d]      = 0x%016X", P_0000027f16178590, &A<v0000027f16263140, 64> {0 0 0};
    %vpi_call/w 3 406 "$display", "        V[%0d]      = 0x%016X", P_0000027f16178638, &A<v0000027f16263140, 96> {0 0 0};
    %vpi_call/w 3 407 "$display", "\000" {0 0 0};
    %pushi/vec4 0, 0, 1;
    %store/vec4 v0000027f16263be0_0, 0, 1;
    %pushi/vec4 0, 0, 1;
    %store/vec4 v0000027f162629c0_0, 0, 1;
    %pushi/vec4 4, 0, 32;
T_16.2 %dup/vec4;
    %pushi/vec4 0, 0, 32;
    %cmp/s;
    %jmp/1xz T_16.3, 5;
    %jmp/1 T_16.3, 4;
    %pushi/vec4 1, 0, 32;
    %sub;
    %wait E_0000027f161eaf80;
    %jmp T_16.2;
T_16.3 ;
    %pop/vec4 1;
    %pushi/vec4 1, 0, 1;
    %store/vec4 v0000027f162629c0_0, 0, 1;
    %pushi/vec4 2, 0, 32;
T_16.4 %dup/vec4;
    %pushi/vec4 0, 0, 32;
    %cmp/s;
    %jmp/1xz T_16.5, 5;
    %jmp/1 T_16.5, 4;
    %pushi/vec4 1, 0, 32;
    %sub;
    %wait E_0000027f161eaf80;
    %jmp T_16.4;
T_16.5 ;
    %pop/vec4 1;
    %vpi_call/w 3 417 "$display", "[%0t ns]  Reset released", $time {0 0 0};
    %vpi_call/w 3 422 "$display", "[%0t ns]  Configuring AXI registers...", $time {0 0 0};
    %pushi/vec4 16, 0, 21;
    %store/vec4 v0000027f161c1a90_0, 0, 21;
    %pushi/vec4 256, 0, 32;
    %store/vec4 v0000027f161c2f30_0, 0, 32;
    %fork TD_dma_smoke_tb.axi_write, S_0000027f1612bb60;
    %join;
    %pushi/vec4 20, 0, 21;
    %store/vec4 v0000027f161c1a90_0, 0, 21;
    %pushi/vec4 512, 0, 32;
    %store/vec4 v0000027f161c2f30_0, 0, 32;
    %fork TD_dma_smoke_tb.axi_write, S_0000027f1612bb60;
    %join;
    %pushi/vec4 24, 0, 21;
    %store/vec4 v0000027f161c1a90_0, 0, 21;
    %pushi/vec4 768, 0, 32;
    %store/vec4 v0000027f161c2f30_0, 0, 32;
    %fork TD_dma_smoke_tb.axi_write, S_0000027f1612bb60;
    %join;
    %pushi/vec4 28, 0, 21;
    %store/vec4 v0000027f161c1a90_0, 0, 21;
    %pushi/vec4 1024, 0, 32;
    %store/vec4 v0000027f161c2f30_0, 0, 32;
    %fork TD_dma_smoke_tb.axi_write, S_0000027f1612bb60;
    %join;
    %vpi_call/w 3 427 "$display", "[%0t ns]  AXI registers written", $time {0 0 0};
    %vpi_call/w 3 433 "$display", "[%0t ns]  Triggering DMA (ctrl = 0x2)...", $time {0 0 0};
    %pushi/vec4 8, 0, 21;
    %store/vec4 v0000027f161c1a90_0, 0, 21;
    %pushi/vec4 2, 0, 32;
    %store/vec4 v0000027f161c2f30_0, 0, 32;
    %fork TD_dma_smoke_tb.axi_write, S_0000027f1612bb60;
    %join;
    %vpi_call/w 3 441 "$display", "[%0t ns]  Polling for dma_done (bit 3 of status)...", $time {0 0 0};
    %pushi/vec4 0, 0, 32;
    %store/vec4 v0000027f16262740_0, 0, 32;
    %pushi/vec4 0, 0, 32;
    %store/vec4 v0000027f16263280_0, 0, 32;
    %fork t_1, S_0000027f1618e420;
    %jmp t_0;
    .scope S_0000027f1618e420;
t_1 ;
T_16.6 ;
    %load/vec4 v0000027f16262740_0;
    %parti/s 1, 3, 3;
    %nor/r;
    %flag_set/vec4 8;
    %jmp/0xz T_16.7, 8;
    %pushi/vec4 0, 0, 21;
    %store/vec4 v0000027f161c1ef0_0, 0, 21;
    %fork TD_dma_smoke_tb.axi_read, S_0000027f161fbf90;
    %join;
    %load/vec4 v0000027f161c1db0_0;
    %store/vec4 v0000027f16262740_0, 0, 32;
    %load/vec4 v0000027f16263280_0;
    %addi 1, 0, 32;
    %store/vec4 v0000027f16263280_0, 0, 32;
    %load/vec4 v0000027f16263280_0;
    %cmpi/s 300, 0, 32;
    %flag_or 5, 4; GT is !LE
    %flag_inv 5;
    %jmp/0xz  T_16.8, 5;
    %vpi_call/w 3 450 "$display", "\000" {0 0 0};
    %vpi_call/w 3 451 "$display", "FAIL: dma_done never asserted after %0d polls!", P_0000027f161782f0 {0 0 0};
    %vpi_call/w 3 452 "$display", "      Last status = 0x%08X", v0000027f16262740_0 {0 0 0};
    %vpi_call/w 3 453 "$dumpflush" {0 0 0};
    %vpi_call/w 3 454 "$finish" {0 0 0};
T_16.8 ;
    %jmp T_16.6;
T_16.7 ;
    %end;
    .scope S_0000027f16114680;
t_0 %join;
    %vpi_call/w 3 459 "$display", "[%0t ns]  dma_done asserted! polls=%0d  status=0x%08X", $time, v0000027f16263280_0, v0000027f16262740_0 {0 0 0};
    %vpi_call/w 3 461 "$display", "\000" {0 0 0};
    %vpi_call/w 3 467 "$display", "=========================================================" {0 0 0};
    %vpi_call/w 3 468 "$display", " RGB output verification  (%0d beats \303\227 %0d rows = %0d words)", P_0000027f16178408, P_0000027f161783d0, 32'b00000000000000000000000000001000 {0 0 0};
    %vpi_call/w 3 470 "$display", " Expected beat = 0x%016X", P_0000027f16178328 {0 0 0};
    %vpi_call/w 3 471 "$display", "---------------------------------------------------------" {0 0 0};
    %pushi/vec4 0, 0, 32;
    %store/vec4 v0000027f16263c80_0, 0, 32;
    %pushi/vec4 0, 0, 32;
    %store/vec4 v0000027f16262a60_0, 0, 32;
T_16.10 ;
    %load/vec4 v0000027f16262a60_0;
    %cmpi/u 8, 0, 32;
    %jmp/0xz T_16.11, 5;
    %pushi/vec4 128, 0, 32;
    %load/vec4 v0000027f16262a60_0;
    %add;
    %ix/vec4 4;
    %load/vec4a v0000027f16263140, 4;
    %store/vec4 v0000027f162642c0_0, 0, 64;
    %load/vec4 v0000027f162642c0_0;
    %pushi/vec4 4160813056, 0, 40;
    %concati/vec4 16253176, 0, 24;
    %cmp/e;
    %jmp/0xz  T_16.12, 6;
    %pushi/vec4 128, 0, 32;
    %load/vec4 v0000027f16262a60_0;
    %add;
    %load/vec4 v0000027f16262a60_0;
    %pushi/vec4 4, 0, 32;
    %div;
    %load/vec4 v0000027f16262a60_0;
    %pushi/vec4 4, 0, 32;
    %mod;
    %vpi_call/w 3 477 "$display", " word[%3d] row=%0d beat=%0d  0x%016X  PASS", S<2,vec4,u32>, S<1,vec4,u32>, S<0,vec4,u32>, v0000027f162642c0_0 {3 0 0};
    %jmp T_16.13;
T_16.12 ;
    %pushi/vec4 128, 0, 32;
    %load/vec4 v0000027f16262a60_0;
    %add;
    %load/vec4 v0000027f16262a60_0;
    %pushi/vec4 4, 0, 32;
    %div;
    %load/vec4 v0000027f16262a60_0;
    %pushi/vec4 4, 0, 32;
    %mod;
    %vpi_call/w 3 480 "$display", " word[%3d] row=%0d beat=%0d  0x%016X  FAIL  (exp 0x%016X)", S<2,vec4,u32>, S<1,vec4,u32>, S<0,vec4,u32>, v0000027f162642c0_0, P_0000027f16178328 {3 0 0};
    %load/vec4 v0000027f16263c80_0;
    %addi 1, 0, 32;
    %store/vec4 v0000027f16263c80_0, 0, 32;
T_16.13 ;
    %load/vec4 v0000027f16262a60_0;
    %addi 1, 0, 32;
    %store/vec4 v0000027f16262a60_0, 0, 32;
    %jmp T_16.10;
T_16.11 ;
    %vpi_call/w 3 487 "$display", "---------------------------------------------------------" {0 0 0};
    %load/vec4 v0000027f16263c80_0;
    %cmpi/e 0, 0, 32;
    %jmp/0xz  T_16.14, 4;
    %vpi_call/w 3 489 "$display", " ALL %0d beats PASS", 32'b00000000000000000000000000001000 {0 0 0};
    %jmp T_16.15;
T_16.14 ;
    %vpi_call/w 3 491 "$display", " FAIL: %0d / %0d beats incorrect", v0000027f16263c80_0, 32'b00000000000000000000000000001000 {0 0 0};
T_16.15 ;
    %vpi_call/w 3 498 "$display", "\000" {0 0 0};
    %vpi_call/w 3 499 "$display", "=========================================================" {0 0 0};
    %vpi_call/w 3 500 "$display", " Pixel 0 decode  (from word[%0d] of dummy_ram):", P_0000027f16178398 {0 0 0};
    %ix/load 4, 128, 0;
    %flag_set/imm 4, 0;
    %load/vec4a v0000027f16263140, 4;
    %parti/s 8, 0, 2;
    %ix/load 4, 128, 0;
    %flag_set/imm 4, 0;
    %load/vec4a v0000027f16263140, 4;
    %parti/s 8, 8, 5;
    %concat/vec4; draw_concat_vec4
    %store/vec4 v0000027f16262ec0_0, 0, 16;
    %vpi_call/w 3 502 "$display", "   RBG565  = 0x%04X  (expected 0xF800)", v0000027f16262ec0_0 {0 0 0};
    %vpi_call/w 3 503 "$display", "   R[4:0]  = %0d  (expected 31)", &PV<v0000027f16262ec0_0, 11, 5> {0 0 0};
    %vpi_call/w 3 504 "$display", "   B[5:0]  = %0d  (expected 0)", &PV<v0000027f16262ec0_0, 5, 6> {0 0 0};
    %vpi_call/w 3 505 "$display", "   G[4:0]  = %0d  (expected 0)", &PV<v0000027f16262ec0_0, 0, 5> {0 0 0};
    %load/vec4 v0000027f16262ec0_0;
    %cmpi/e 63488, 0, 16;
    %jmp/0xz  T_16.16, 6;
    %vpi_call/w 3 508 "$display", "   Pixel 0 colour: PASS \342\200\224 pure red" {0 0 0};
    %jmp T_16.17;
T_16.16 ;
    %vpi_call/w 3 510 "$display", "   Pixel 0 colour: FAIL" {0 0 0};
T_16.17 ;
    %vpi_call/w 3 512 "$display", "=========================================================" {0 0 0};
    %vpi_call/w 3 513 "$display", "\000" {0 0 0};
    %ix/load 4, 127, 0;
    %flag_set/imm 4, 0;
    %load/vec4a v0000027f16263140, 4;
    %pushi/vec4 3735936685, 0, 32;
    %concati/vec4 3735936685, 0, 32;
    %cmp/ne;
    %jmp/0xz  T_16.18, 6;
    %vpi_call/w 3 519 "$display", "WARNING: word before RGB buffer was overwritten!" {0 0 0};
T_16.18 ;
    %ix/load 4, 136, 0;
    %flag_set/imm 4, 0;
    %load/vec4a v0000027f16263140, 4;
    %pushi/vec4 3735936685, 0, 32;
    %concati/vec4 3735936685, 0, 32;
    %cmp/ne;
    %jmp/0xz  T_16.20, 6;
    %vpi_call/w 3 521 "$display", "WARNING: word after RGB buffer was overwritten!" {0 0 0};
T_16.20 ;
    %vpi_call/w 3 523 "$dumpflush" {0 0 0};
    %vpi_call/w 3 524 "$finish" {0 0 0};
    %end;
    .thread T_16;
    .scope S_0000027f16114680;
T_17 ;
    %delay 5000000, 0;
    %vpi_call/w 3 532 "$display", "\000" {0 0 0};
    %vpi_call/w 3 533 "$display", "FATAL: simulation timeout after %0d clocks \342\200\224 DMA hung?", P_0000027f161784e8 {0 0 0};
    %vpi_call/w 3 534 "$dumpflush" {0 0 0};
    %vpi_call/w 3 535 "$finish" {0 0 0};
    %end;
    .thread T_17;
# The file index is used to find the file name in the following table.
:file_names 7;
    "N/A";
    "<interactive>";
    "-";
    "sim/dma_smoke_tb.sv";
    "rtl/yuv_fb_dma.v";
    "rtl/yuv_to_rgb.sv";
    "rtl/mp4_ctrl_regs.v";
